#
# There is insufficient memory for the Java Runtime Environment to continue.
# Native memory allocation (mmap) failed to map 138412032 bytes for G1 virtual space
# Possible reasons:
#   The system is out of physical RAM or swap space
#   The process is running with CompressedOops enabled, and the Java Heap may be blocking the growth of the native heap
# Possible solutions:
#   Reduce memory load on the system
#   Increase physical memory or swap space
#   Check if swap backing store is full
#   Decrease Java heap size (-Xmx/-Xms)
#   Decrease number of Java threads
#   Decrease Java thread stack sizes (-Xss)
#   Set larger code cache with -XX:ReservedCodeCacheSize=
#   JVM is running with Zero Based Compressed Oops mode in which the Java heap is
#     placed in the first 32GB address space. The Java Heap base address is the
#     maximum limit for the native heap growth. Please use -XX:HeapBaseMinAddress
#     to set the Java Heap base and to place the Java Heap above 32GB virtual address.
# This output file may be truncated or incomplete.
#
#  Out of Memory Error (os_windows.cpp:3469), pid=22172, tid=15208
#
# JRE version: Java(TM) SE Runtime Environment (17.0+35) (build 17+35-LTS-2724)
# Java VM: Java HotSpot(TM) 64-Bit Server VM (17+35-LTS-2724, mixed mode, sharing, tiered, compressed oops, compressed class ptrs, g1 gc, windows-amd64)
# No core dump will be written. Minidumps are not enabled by default on client versions of Windows
#

---------------  S U M M A R Y ------------

Command Line: SubtitleFilesConverter.jar

Host: Intel(R) Core(TM) i7-10510U CPU @ 1.80GHz, 8 cores, 15G,  Windows 10 , 64 bit Build 19041 (10.0.19041.1202)
Time: Tue Oct  5 14:26:18 2021 Hora de verano romance elapsed time: 24.525079 seconds (0d 0h 0m 24s)

---------------  T H R E A D  ---------------

Current thread (0x000001987f891d10):  VMThread "VM Thread" [stack: 0x0000002e0f900000,0x0000002e0fa00000] [id=15208]

Stack: [0x0000002e0f900000,0x0000002e0fa00000]
Native frames: (J=compiled Java code, j=interpreted, Vv=VM code, C=native code)
V  [jvm.dll+0x66f8ea]
V  [jvm.dll+0x7ce224]
V  [jvm.dll+0x7cf9ce]
V  [jvm.dll+0x7d0033]
V  [jvm.dll+0x242bb5]
V  [jvm.dll+0x66c909]
V  [jvm.dll+0x6613d2]
V  [jvm.dll+0x30082b]
V  [jvm.dll+0x307db6]
V  [jvm.dll+0x357a0e]
V  [jvm.dll+0x357c3f]
V  [jvm.dll+0x2d7ae8]
V  [jvm.dll+0x2d5db4]
V  [jvm.dll+0x2d53bc]
V  [jvm.dll+0x318d1b]
V  [jvm.dll+0x7d44cb]
V  [jvm.dll+0x7d5204]
V  [jvm.dll+0x7d571c]
V  [jvm.dll+0x7d5af4]
V  [jvm.dll+0x7d5bc0]
V  [jvm.dll+0x77e7ea]
V  [jvm.dll+0x66e715]
C  [ucrtbase.dll+0x21bb2]
C  [KERNEL32.DLL+0x17034]
C  [ntdll.dll+0x52651]

VM_Operation (0x0000002e120fdc10): G1CollectForAllocation, mode: safepoint, requested by thread 0x000001980c4c3eb0


---------------  P R O C E S S  ---------------

Threads class SMR info:
_java_thread_list=0x000001980db91880, length=20, elements={
0x000001987f8961c0, 0x000001987f897030, 0x000001987f8aa3d0, 0x000001987f8abf90,
0x000001987f8aea50, 0x000001987f8af400, 0x000001987f8b00e0, 0x000001987f8b0b80,
0x000001987f8bc9a0, 0x00000198088fb770, 0x0000019808902070, 0x0000019808aafee0,
0x0000019808ab03b0, 0x0000019808ab0880, 0x0000019808bfd660, 0x0000019864b50df0,
0x0000019809e1c040, 0x000001980a0b6860, 0x000001980c4c3eb0, 0x000001980a348920
}

Java Threads: ( => current thread )
  0x000001987f8961c0 JavaThread "Reference Handler" daemon [_thread_blocked, id=22100, stack(0x0000002e0fa00000,0x0000002e0fb00000)]
  0x000001987f897030 JavaThread "Finalizer" daemon [_thread_blocked, id=17852, stack(0x0000002e0fb00000,0x0000002e0fc00000)]
  0x000001987f8aa3d0 JavaThread "Signal Dispatcher" daemon [_thread_blocked, id=2072, stack(0x0000002e0fc00000,0x0000002e0fd00000)]
  0x000001987f8abf90 JavaThread "Attach Listener" daemon [_thread_blocked, id=13476, stack(0x0000002e0fd00000,0x0000002e0fe00000)]
  0x000001987f8aea50 JavaThread "Service Thread" daemon [_thread_blocked, id=13452, stack(0x0000002e0fe00000,0x0000002e0ff00000)]
  0x000001987f8af400 JavaThread "Monitor Deflation Thread" daemon [_thread_blocked, id=17308, stack(0x0000002e0ff00000,0x0000002e10000000)]
  0x000001987f8b00e0 JavaThread "C2 CompilerThread0" daemon [_thread_blocked, id=9572, stack(0x0000002e10000000,0x0000002e10100000)]
  0x000001987f8b0b80 JavaThread "C1 CompilerThread0" daemon [_thread_blocked, id=11968, stack(0x0000002e10100000,0x0000002e10200000)]
  0x000001987f8bc9a0 JavaThread "Sweeper thread" daemon [_thread_blocked, id=19992, stack(0x0000002e10200000,0x0000002e10300000)]
  0x00000198088fb770 JavaThread "Notification Thread" daemon [_thread_blocked, id=5652, stack(0x0000002e10300000,0x0000002e10400000)]
  0x0000019808902070 JavaThread "Common-Cleaner" daemon [_thread_blocked, id=3812, stack(0x0000002e10500000,0x0000002e10600000)]
  0x0000019808aafee0 JavaThread "Java2D Disposer" daemon [_thread_blocked, id=7824, stack(0x0000002e10600000,0x0000002e10700000)]
  0x0000019808ab03b0 JavaThread "AWT-Shutdown" [_thread_blocked, id=11312, stack(0x0000002e10700000,0x0000002e10800000)]
  0x0000019808ab0880 JavaThread "AWT-Windows" daemon [_thread_blocked, id=21076, stack(0x0000002e10800000,0x0000002e10900000)]
  0x0000019808bfd660 JavaThread "AWT-EventQueue-0" [_thread_blocked, id=22080, stack(0x0000002e10900000,0x0000002e10a00000)]
  0x0000019864b50df0 JavaThread "DestroyJavaVM" [_thread_blocked, id=12740, stack(0x0000002e0f300000,0x0000002e0f400000)]
  0x0000019809e1c040 JavaThread "TimerQueue" daemon [_thread_blocked, id=96, stack(0x0000002e10d00000,0x0000002e10e00000)]
  0x000001980a0b6860 JavaThread "Swing-Shell" daemon [_thread_blocked, id=20028, stack(0x0000002e10f00000,0x0000002e11000000)]
  0x000001980c4c3eb0 JavaThread "Thread-0" [_thread_blocked, id=8996, stack(0x0000002e12000000,0x0000002e12100000)]
  0x000001980a348920 JavaThread "C2 CompilerThread1" daemon [_thread_blocked, id=22288, stack(0x0000002e12100000,0x0000002e12200000)]

Other Threads:
=>0x000001987f891d10 VMThread "VM Thread" [stack: 0x0000002e0f900000,0x0000002e0fa00000] [id=15208]
  0x0000019864bcba20 WatcherThread [stack: 0x0000002e10400000,0x0000002e10500000] [id=4300]
  0x0000019864b9cef0 GCTaskThread "GC Thread#0" [stack: 0x0000002e0f400000,0x0000002e0f500000] [id=14712]
  0x000001980c4cfa70 GCTaskThread "GC Thread#1" [stack: 0x0000002e10e00000,0x0000002e10f00000] [id=20628]
  0x000001980c4cfd20 GCTaskThread "GC Thread#2" [stack: 0x0000002e11a00000,0x0000002e11b00000] [id=15500]
  0x000001980a446b40 GCTaskThread "GC Thread#3" [stack: 0x0000002e11b00000,0x0000002e11c00000] [id=6148]
  0x000001980a4498f0 GCTaskThread "GC Thread#4" [stack: 0x0000002e11c00000,0x0000002e11d00000] [id=7336]
  0x000001980a4488d0 GCTaskThread "GC Thread#5" [stack: 0x0000002e11d00000,0x0000002e11e00000] [id=7684]
  0x000001980a4480c0 GCTaskThread "GC Thread#6" [stack: 0x0000002e11e00000,0x0000002e11f00000] [id=19104]
  0x000001980a4478b0 GCTaskThread "GC Thread#7" [stack: 0x0000002e11f00000,0x0000002e12000000] [id=13652]
  0x0000019864baeac0 ConcurrentGCThread "G1 Main Marker" [stack: 0x0000002e0f500000,0x0000002e0f600000] [id=10940]
  0x0000019864baf4d0 ConcurrentGCThread "G1 Conc#0" [stack: 0x0000002e0f600000,0x0000002e0f700000] [id=19672]
  0x000001987f7520c0 ConcurrentGCThread "G1 Refine#0" [stack: 0x0000002e0f700000,0x0000002e0f800000] [id=22156]
  0x000001987f752ae0 ConcurrentGCThread "G1 Service" [stack: 0x0000002e0f800000,0x0000002e0f900000] [id=20600]

Threads with active compile tasks:

VM state: at safepoint (normal execution)

VM Mutex/Monitor currently owned by a thread:  ([mutex/lock_event])
[0x0000019864b4a120] Threads_lock - owner thread: 0x000001987f891d10
[0x0000019864b4a000] Heap_lock - owner thread: 0x000001980c4c3eb0

Heap address: 0x0000000703800000, size: 4040 MB, Compressed Oops mode: Zero based, Oop shift amount: 3

CDS archive(s) mapped at: [0x0000000800000000-0x0000000800bc0000-0x0000000800bc0000), size 12320768, SharedBaseAddress: 0x0000000800000000, ArchiveRelocationMode: 0.
Compressed class space mapped at: 0x0000000800c00000-0x0000000840c00000, reserved size: 1073741824
Narrow klass base: 0x0000000800000000, Narrow klass shift: 0, Narrow klass range: 0x100000000

GC Precious Log:
 CPUs: 8 total, 8 available
 Memory: 16157M
 Large Page Support: Disabled
 NUMA Support: Disabled
 Compressed Oops: Enabled (Zero based)
 Heap Region Size: 2M
 Heap Min Capacity: 8M
 Heap Initial Capacity: 254M
 Heap Max Capacity: 4040M
 Pre-touch: Disabled
 Parallel Workers: 8
 Concurrent Workers: 2
 Concurrent Refinement Workers: 8
 Periodic GC: Disabled

Heap:
 garbage-first heap   total 669696K, used 6925K [0x0000000703800000, 0x0000000800000000)
  region size 2048K, 1 young (2048K), 1 survivors (2048K)
 Metaspace       used 12565K, committed 12800K, reserved 1064960K
  class space    used 1406K, committed 1536K, reserved 1048576K

Heap Regions: E=young(eden), S=young(survivor), O=old, HS=humongous(starts), HC=humongous(continues), CS=collection set, F=free, OA=open archive, CA=closed archive, TAMS=top-at-mark-start (previous, next)
|   0|0x0000000703800000, 0x0000000703816400, 0x0000000703a00000|  4%| O|  |TAMS 0x0000000703800000, 0x0000000703800000| Untracked 
|   1|0x0000000703a00000, 0x0000000703c00000, 0x0000000703c00000|100%|HS|  |TAMS 0x0000000703a00000, 0x0000000703a00000| Complete 
|   2|0x0000000703c00000, 0x0000000703e00000, 0x0000000703e00000|100%| O|  |TAMS 0x0000000703c00000, 0x0000000703c00000| Untracked 
|   3|0x0000000703e00000, 0x0000000704000000, 0x0000000704000000|100%| O|  |TAMS 0x0000000703e00000, 0x0000000703e00000| Untracked 
|   4|0x0000000704000000, 0x0000000704000000, 0x0000000704200000|  0%| F|  |TAMS 0x0000000704000000, 0x0000000704000000| Untracked 
|   5|0x0000000704200000, 0x0000000704200000, 0x0000000704400000|  0%| F|  |TAMS 0x0000000704200000, 0x0000000704200000| Untracked 
|   6|0x0000000704400000, 0x0000000704400000, 0x0000000704600000|  0%| F|  |TAMS 0x0000000704400000, 0x0000000704400000| Untracked 
|   7|0x0000000704600000, 0x0000000704600000, 0x0000000704800000|  0%| F|  |TAMS 0x0000000704600000, 0x0000000704600000| Untracked 
|   8|0x0000000704800000, 0x0000000704800000, 0x0000000704a00000|  0%| F|  |TAMS 0x0000000704800000, 0x0000000704800000| Untracked 
|   9|0x0000000704a00000, 0x0000000704a00000, 0x0000000704c00000|  0%| F|  |TAMS 0x0000000704a00000, 0x0000000704a00000| Untracked 
|  10|0x0000000704c00000, 0x0000000704c00000, 0x0000000704e00000|  0%| F|  |TAMS 0x0000000704c00000, 0x0000000704c00000| Untracked 
|  11|0x0000000704e00000, 0x0000000704e00000, 0x0000000705000000|  0%| F|  |TAMS 0x0000000704e00000, 0x0000000704e00000| Untracked 
|  12|0x0000000705000000, 0x0000000705000000, 0x0000000705200000|  0%| F|  |TAMS 0x0000000705000000, 0x0000000705000000| Untracked 
|  13|0x0000000705200000, 0x0000000705200000, 0x0000000705400000|  0%| F|  |TAMS 0x0000000705200000, 0x0000000705200000| Untracked 
|  14|0x0000000705400000, 0x0000000705400000, 0x0000000705600000|  0%| F|  |TAMS 0x0000000705400000, 0x0000000705400000| Untracked 
|  15|0x0000000705600000, 0x0000000705600000, 0x0000000705800000|  0%| F|  |TAMS 0x0000000705600000, 0x0000000705600000| Untracked 
|  16|0x0000000705800000, 0x0000000705800000, 0x0000000705a00000|  0%| F|  |TAMS 0x0000000705800000, 0x0000000705800000| Untracked 
|  17|0x0000000705a00000, 0x0000000705a00000, 0x0000000705c00000|  0%| F|  |TAMS 0x0000000705a00000, 0x0000000705a00000| Untracked 
|  18|0x0000000705c00000, 0x0000000705c00000, 0x0000000705e00000|  0%| F|  |TAMS 0x0000000705c00000, 0x0000000705c00000| Untracked 
|  19|0x0000000705e00000, 0x0000000705e00000, 0x0000000706000000|  0%| F|  |TAMS 0x0000000705e00000, 0x0000000705e00000| Untracked 
|  20|0x0000000706000000, 0x0000000706000000, 0x0000000706200000|  0%| F|  |TAMS 0x0000000706000000, 0x0000000706000000| Untracked 
|  21|0x0000000706200000, 0x0000000706200000, 0x0000000706400000|  0%| F|  |TAMS 0x0000000706200000, 0x0000000706200000| Untracked 
|  22|0x0000000706400000, 0x0000000706400000, 0x0000000706600000|  0%| F|  |TAMS 0x0000000706400000, 0x0000000706400000| Untracked 
|  23|0x0000000706600000, 0x0000000706600000, 0x0000000706800000|  0%| F|  |TAMS 0x0000000706600000, 0x0000000706600000| Untracked 
|  24|0x0000000706800000, 0x0000000706800000, 0x0000000706a00000|  0%| F|  |TAMS 0x0000000706800000, 0x0000000706800000| Untracked 
|  25|0x0000000706a00000, 0x0000000706a00000, 0x0000000706c00000|  0%| F|  |TAMS 0x0000000706a00000, 0x0000000706a00000| Untracked 
|  26|0x0000000706c00000, 0x0000000706c00000, 0x0000000706e00000|  0%| F|  |TAMS 0x0000000706c00000, 0x0000000706c00000| Untracked 
|  27|0x0000000706e00000, 0x0000000706e00000, 0x0000000707000000|  0%| F|  |TAMS 0x0000000706e00000, 0x0000000706e00000| Untracked 
|  28|0x0000000707000000, 0x0000000707000000, 0x0000000707200000|  0%| F|  |TAMS 0x0000000707000000, 0x0000000707000000| Untracked 
|  29|0x0000000707200000, 0x0000000707200000, 0x0000000707400000|  0%| F|  |TAMS 0x0000000707200000, 0x0000000707200000| Untracked 
|  30|0x0000000707400000, 0x0000000707400000, 0x0000000707600000|  0%| F|  |TAMS 0x0000000707400000, 0x0000000707400000| Untracked 
|  31|0x0000000707600000, 0x0000000707600000, 0x0000000707800000|  0%| F|  |TAMS 0x0000000707600000, 0x0000000707600000| Untracked 
|  32|0x0000000707800000, 0x0000000707800000, 0x0000000707a00000|  0%| F|  |TAMS 0x0000000707800000, 0x0000000707800000| Untracked 
|  33|0x0000000707a00000, 0x0000000707a00000, 0x0000000707c00000|  0%| F|  |TAMS 0x0000000707a00000, 0x0000000707a00000| Untracked 
|  34|0x0000000707c00000, 0x0000000707c00000, 0x0000000707e00000|  0%| F|  |TAMS 0x0000000707c00000, 0x0000000707c00000| Untracked 
|  35|0x0000000707e00000, 0x0000000707e00000, 0x0000000708000000|  0%| F|  |TAMS 0x0000000707e00000, 0x0000000707e00000| Untracked 
|  36|0x0000000708000000, 0x0000000708000000, 0x0000000708200000|  0%| F|  |TAMS 0x0000000708000000, 0x0000000708000000| Untracked 
|  37|0x0000000708200000, 0x0000000708200000, 0x0000000708400000|  0%| F|  |TAMS 0x0000000708200000, 0x0000000708200000| Untracked 
|  38|0x0000000708400000, 0x0000000708400000, 0x0000000708600000|  0%| F|  |TAMS 0x0000000708400000, 0x0000000708400000| Untracked 
|  39|0x0000000708600000, 0x0000000708600000, 0x0000000708800000|  0%| F|  |TAMS 0x0000000708600000, 0x0000000708600000| Untracked 
|  40|0x0000000708800000, 0x0000000708800000, 0x0000000708a00000|  0%| F|  |TAMS 0x0000000708800000, 0x0000000708800000| Untracked 
|  41|0x0000000708a00000, 0x0000000708a00000, 0x0000000708c00000|  0%| F|  |TAMS 0x0000000708a00000, 0x0000000708a00000| Untracked 
|  42|0x0000000708c00000, 0x0000000708c00000, 0x0000000708e00000|  0%| F|  |TAMS 0x0000000708c00000, 0x0000000708c00000| Untracked 
|  43|0x0000000708e00000, 0x0000000708e00000, 0x0000000709000000|  0%| F|  |TAMS 0x0000000708e00000, 0x0000000708e00000| Untracked 
|  44|0x0000000709000000, 0x0000000709000000, 0x0000000709200000|  0%| F|  |TAMS 0x0000000709000000, 0x0000000709000000| Untracked 
|  45|0x0000000709200000, 0x0000000709200000, 0x0000000709400000|  0%| F|  |TAMS 0x0000000709200000, 0x0000000709200000| Untracked 
|  46|0x0000000709400000, 0x0000000709400000, 0x0000000709600000|  0%| F|  |TAMS 0x0000000709400000, 0x0000000709400000| Untracked 
|  47|0x0000000709600000, 0x0000000709600000, 0x0000000709800000|  0%| F|  |TAMS 0x0000000709600000, 0x0000000709600000| Untracked 
|  48|0x0000000709800000, 0x0000000709800000, 0x0000000709a00000|  0%| F|  |TAMS 0x0000000709800000, 0x0000000709800000| Untracked 
|  49|0x0000000709a00000, 0x0000000709a00000, 0x0000000709c00000|  0%| F|  |TAMS 0x0000000709a00000, 0x0000000709a00000| Untracked 
|  50|0x0000000709c00000, 0x0000000709c00000, 0x0000000709e00000|  0%| F|  |TAMS 0x0000000709c00000, 0x0000000709c00000| Untracked 
|  51|0x0000000709e00000, 0x0000000709e00000, 0x000000070a000000|  0%| F|  |TAMS 0x0000000709e00000, 0x0000000709e00000| Untracked 
|  52|0x000000070a000000, 0x000000070a000000, 0x000000070a200000|  0%| F|  |TAMS 0x000000070a000000, 0x000000070a000000| Untracked 
|  53|0x000000070a200000, 0x000000070a200000, 0x000000070a400000|  0%| F|  |TAMS 0x000000070a200000, 0x000000070a200000| Untracked 
|  54|0x000000070a400000, 0x000000070a400000, 0x000000070a600000|  0%| F|  |TAMS 0x000000070a400000, 0x000000070a400000| Untracked 
|  55|0x000000070a600000, 0x000000070a600000, 0x000000070a800000|  0%| F|  |TAMS 0x000000070a600000, 0x000000070a600000| Untracked 
|  56|0x000000070a800000, 0x000000070a800000, 0x000000070aa00000|  0%| F|  |TAMS 0x000000070a800000, 0x000000070a800000| Untracked 
|  57|0x000000070aa00000, 0x000000070aa00000, 0x000000070ac00000|  0%| F|  |TAMS 0x000000070aa00000, 0x000000070aa00000| Untracked 
|  58|0x000000070ac00000, 0x000000070ac00000, 0x000000070ae00000|  0%| F|  |TAMS 0x000000070ac00000, 0x000000070ac00000| Untracked 
|  59|0x000000070ae00000, 0x000000070ae00000, 0x000000070b000000|  0%| F|  |TAMS 0x000000070ae00000, 0x000000070ae00000| Untracked 
|  60|0x000000070b000000, 0x000000070b000000, 0x000000070b200000|  0%| F|  |TAMS 0x000000070b000000, 0x000000070b000000| Untracked 
|  61|0x000000070b200000, 0x000000070b200000, 0x000000070b400000|  0%| F|  |TAMS 0x000000070b200000, 0x000000070b200000| Untracked 
|  62|0x000000070b400000, 0x000000070b400000, 0x000000070b600000|  0%| F|  |TAMS 0x000000070b400000, 0x000000070b400000| Untracked 
|  63|0x000000070b600000, 0x000000070b600000, 0x000000070b800000|  0%| F|  |TAMS 0x000000070b600000, 0x000000070b600000| Untracked 
|  64|0x000000070b800000, 0x000000070b800000, 0x000000070ba00000|  0%| F|  |TAMS 0x000000070b800000, 0x000000070b800000| Untracked 
|  65|0x000000070ba00000, 0x000000070ba00000, 0x000000070bc00000|  0%| F|  |TAMS 0x000000070ba00000, 0x000000070ba00000| Untracked 
|  66|0x000000070bc00000, 0x000000070bc00000, 0x000000070be00000|  0%| F|  |TAMS 0x000000070bc00000, 0x000000070bc00000| Untracked 
|  67|0x000000070be00000, 0x000000070be00000, 0x000000070c000000|  0%| F|  |TAMS 0x000000070be00000, 0x000000070be00000| Untracked 
|  68|0x000000070c000000, 0x000000070c000000, 0x000000070c200000|  0%| F|  |TAMS 0x000000070c000000, 0x000000070c000000| Untracked 
|  69|0x000000070c200000, 0x000000070c200000, 0x000000070c400000|  0%| F|  |TAMS 0x000000070c200000, 0x000000070c200000| Untracked 
|  70|0x000000070c400000, 0x000000070c400000, 0x000000070c600000|  0%| F|  |TAMS 0x000000070c400000, 0x000000070c400000| Untracked 
|  71|0x000000070c600000, 0x000000070c600000, 0x000000070c800000|  0%| F|  |TAMS 0x000000070c600000, 0x000000070c600000| Untracked 
|  72|0x000000070c800000, 0x000000070c800000, 0x000000070ca00000|  0%| F|  |TAMS 0x000000070c800000, 0x000000070c800000| Untracked 
|  73|0x000000070ca00000, 0x000000070ca00000, 0x000000070cc00000|  0%| F|  |TAMS 0x000000070ca00000, 0x000000070ca00000| Untracked 
|  74|0x000000070cc00000, 0x000000070cc00000, 0x000000070ce00000|  0%| F|  |TAMS 0x000000070cc00000, 0x000000070cc00000| Untracked 
|  75|0x000000070ce00000, 0x000000070ce00000, 0x000000070d000000|  0%| F|  |TAMS 0x000000070ce00000, 0x000000070ce00000| Untracked 
|  76|0x000000070d000000, 0x000000070d000000, 0x000000070d200000|  0%| F|  |TAMS 0x000000070d000000, 0x000000070d000000| Untracked 
|  77|0x000000070d200000, 0x000000070d200000, 0x000000070d400000|  0%| F|  |TAMS 0x000000070d200000, 0x000000070d200000| Untracked 
|  78|0x000000070d400000, 0x000000070d400000, 0x000000070d600000|  0%| F|  |TAMS 0x000000070d400000, 0x000000070d400000| Untracked 
|  79|0x000000070d600000, 0x000000070d600000, 0x000000070d800000|  0%| F|  |TAMS 0x000000070d600000, 0x000000070d600000| Untracked 
|  80|0x000000070d800000, 0x000000070d800000, 0x000000070da00000|  0%| F|  |TAMS 0x000000070d800000, 0x000000070d800000| Untracked 
|  81|0x000000070da00000, 0x000000070da00000, 0x000000070dc00000|  0%| F|  |TAMS 0x000000070da00000, 0x000000070da00000| Untracked 
|  82|0x000000070dc00000, 0x000000070dc00000, 0x000000070de00000|  0%| F|  |TAMS 0x000000070dc00000, 0x000000070dc00000| Untracked 
|  83|0x000000070de00000, 0x000000070de00000, 0x000000070e000000|  0%| F|  |TAMS 0x000000070de00000, 0x000000070de00000| Untracked 
|  84|0x000000070e000000, 0x000000070e000000, 0x000000070e200000|  0%| F|  |TAMS 0x000000070e000000, 0x000000070e000000| Untracked 
|  85|0x000000070e200000, 0x000000070e200000, 0x000000070e400000|  0%| F|  |TAMS 0x000000070e200000, 0x000000070e200000| Untracked 
|  86|0x000000070e400000, 0x000000070e400000, 0x000000070e600000|  0%| F|  |TAMS 0x000000070e400000, 0x000000070e400000| Untracked 
|  87|0x000000070e600000, 0x000000070e600000, 0x000000070e800000|  0%| F|  |TAMS 0x000000070e600000, 0x000000070e600000| Untracked 
|  88|0x000000070e800000, 0x000000070e800000, 0x000000070ea00000|  0%| F|  |TAMS 0x000000070e800000, 0x000000070e800000| Untracked 
|  89|0x000000070ea00000, 0x000000070ea00000, 0x000000070ec00000|  0%| F|  |TAMS 0x000000070ea00000, 0x000000070ea00000| Untracked 
|  90|0x000000070ec00000, 0x000000070ec00000, 0x000000070ee00000|  0%| F|  |TAMS 0x000000070ec00000, 0x000000070ec00000| Untracked 
|  91|0x000000070ee00000, 0x000000070ee00000, 0x000000070f000000|  0%| F|  |TAMS 0x000000070ee00000, 0x000000070ee00000| Untracked 
|  92|0x000000070f000000, 0x000000070f000000, 0x000000070f200000|  0%| F|  |TAMS 0x000000070f000000, 0x000000070f000000| Untracked 
|  93|0x000000070f200000, 0x000000070f200000, 0x000000070f400000|  0%| F|  |TAMS 0x000000070f200000, 0x000000070f200000| Untracked 
|  94|0x000000070f400000, 0x000000070f400000, 0x000000070f600000|  0%| F|  |TAMS 0x000000070f400000, 0x000000070f400000| Untracked 
|  95|0x000000070f600000, 0x000000070f600000, 0x000000070f800000|  0%| F|  |TAMS 0x000000070f600000, 0x000000070f600000| Untracked 
|  96|0x000000070f800000, 0x000000070f800000, 0x000000070fa00000|  0%| F|  |TAMS 0x000000070f800000, 0x000000070f800000| Untracked 
|  97|0x000000070fa00000, 0x000000070fa00000, 0x000000070fc00000|  0%| F|  |TAMS 0x000000070fa00000, 0x000000070fa00000| Untracked 
|  98|0x000000070fc00000, 0x000000070fc00000, 0x000000070fe00000|  0%| F|  |TAMS 0x000000070fc00000, 0x000000070fc00000| Untracked 
|  99|0x000000070fe00000, 0x000000070fe00000, 0x0000000710000000|  0%| F|  |TAMS 0x000000070fe00000, 0x000000070fe00000| Untracked 
| 100|0x0000000710000000, 0x0000000710000000, 0x0000000710200000|  0%| F|  |TAMS 0x0000000710000000, 0x0000000710000000| Untracked 
| 101|0x0000000710200000, 0x0000000710200000, 0x0000000710400000|  0%| F|  |TAMS 0x0000000710200000, 0x0000000710200000| Untracked 
| 102|0x0000000710400000, 0x0000000710400000, 0x0000000710600000|  0%| F|  |TAMS 0x0000000710400000, 0x0000000710400000| Untracked 
| 103|0x0000000710600000, 0x0000000710600000, 0x0000000710800000|  0%| F|  |TAMS 0x0000000710600000, 0x0000000710600000| Untracked 
| 104|0x0000000710800000, 0x0000000710800000, 0x0000000710a00000|  0%| F|  |TAMS 0x0000000710800000, 0x0000000710800000| Untracked 
| 105|0x0000000710a00000, 0x0000000710a00000, 0x0000000710c00000|  0%| F|  |TAMS 0x0000000710a00000, 0x0000000710a00000| Untracked 
| 106|0x0000000710c00000, 0x0000000710c00000, 0x0000000710e00000|  0%| F|  |TAMS 0x0000000710c00000, 0x0000000710c00000| Untracked 
| 107|0x0000000710e00000, 0x0000000710e00000, 0x0000000711000000|  0%| F|  |TAMS 0x0000000710e00000, 0x0000000710e00000| Untracked 
| 108|0x0000000711000000, 0x0000000711000000, 0x0000000711200000|  0%| F|  |TAMS 0x0000000711000000, 0x0000000711000000| Untracked 
| 109|0x0000000711200000, 0x0000000711200000, 0x0000000711400000|  0%| F|  |TAMS 0x0000000711200000, 0x0000000711200000| Untracked 
| 110|0x0000000711400000, 0x0000000711400000, 0x0000000711600000|  0%| F|  |TAMS 0x0000000711400000, 0x0000000711400000| Untracked 
| 111|0x0000000711600000, 0x0000000711600000, 0x0000000711800000|  0%| F|  |TAMS 0x0000000711600000, 0x0000000711600000| Untracked 
| 112|0x0000000711800000, 0x0000000711800000, 0x0000000711a00000|  0%| F|  |TAMS 0x0000000711800000, 0x0000000711800000| Untracked 
| 113|0x0000000711a00000, 0x0000000711a00000, 0x0000000711c00000|  0%| F|  |TAMS 0x0000000711a00000, 0x0000000711a00000| Untracked 
| 114|0x0000000711c00000, 0x0000000711c00000, 0x0000000711e00000|  0%| F|  |TAMS 0x0000000711c00000, 0x0000000711c00000| Untracked 
| 115|0x0000000711e00000, 0x0000000711e00000, 0x0000000712000000|  0%| F|  |TAMS 0x0000000711e00000, 0x0000000711e00000| Untracked 
| 116|0x0000000712000000, 0x0000000712000000, 0x0000000712200000|  0%| F|  |TAMS 0x0000000712000000, 0x0000000712000000| Untracked 
| 117|0x0000000712200000, 0x0000000712200000, 0x0000000712400000|  0%| F|  |TAMS 0x0000000712200000, 0x0000000712200000| Untracked 
| 118|0x0000000712400000, 0x0000000712400000, 0x0000000712600000|  0%| F|  |TAMS 0x0000000712400000, 0x0000000712400000| Untracked 
| 119|0x0000000712600000, 0x0000000712600000, 0x0000000712800000|  0%| F|  |TAMS 0x0000000712600000, 0x0000000712600000| Untracked 
| 120|0x0000000712800000, 0x0000000712800000, 0x0000000712a00000|  0%| F|  |TAMS 0x0000000712800000, 0x0000000712800000| Untracked 
| 121|0x0000000712a00000, 0x0000000712a00000, 0x0000000712c00000|  0%| F|  |TAMS 0x0000000712a00000, 0x0000000712a00000| Untracked 
| 122|0x0000000712c00000, 0x0000000712c00000, 0x0000000712e00000|  0%| F|  |TAMS 0x0000000712c00000, 0x0000000712c00000| Untracked 
| 123|0x0000000712e00000, 0x0000000712e00000, 0x0000000713000000|  0%| F|  |TAMS 0x0000000712e00000, 0x0000000712e00000| Untracked 
| 124|0x0000000713000000, 0x0000000713000000, 0x0000000713200000|  0%| F|  |TAMS 0x0000000713000000, 0x0000000713000000| Untracked 
| 125|0x0000000713200000, 0x0000000713200000, 0x0000000713400000|  0%| F|  |TAMS 0x0000000713200000, 0x0000000713200000| Untracked 
| 126|0x0000000713400000, 0x0000000713400000, 0x0000000713600000|  0%| F|  |TAMS 0x0000000713400000, 0x0000000713400000| Untracked 
| 127|0x0000000713600000, 0x0000000713600000, 0x0000000713800000|  0%| F|  |TAMS 0x0000000713600000, 0x0000000713600000| Untracked 
| 128|0x0000000713800000, 0x0000000713800000, 0x0000000713a00000|  0%| F|  |TAMS 0x0000000713800000, 0x0000000713800000| Untracked 
| 129|0x0000000713a00000, 0x0000000713a00000, 0x0000000713c00000|  0%| F|  |TAMS 0x0000000713a00000, 0x0000000713a00000| Untracked 
| 130|0x0000000713c00000, 0x0000000713cad0b0, 0x0000000713e00000| 33%| S|CS|TAMS 0x0000000713c00000, 0x0000000713c00000| Complete 
| 131|0x0000000713e00000, 0x0000000713e00000, 0x0000000714000000|  0%| F|  |TAMS 0x0000000713e00000, 0x0000000713e00000| Untracked 
| 132|0x0000000714000000, 0x0000000714000000, 0x0000000714200000|  0%| F|  |TAMS 0x0000000714000000, 0x0000000714000000| Untracked 
| 133|0x0000000714200000, 0x0000000714200000, 0x0000000714400000|  0%| F|  |TAMS 0x0000000714200000, 0x0000000714200000| Untracked 
| 134|0x0000000714400000, 0x0000000714400000, 0x0000000714600000|  0%| F|  |TAMS 0x0000000714400000, 0x0000000714400000| Untracked 
| 135|0x0000000714600000, 0x0000000714600000, 0x0000000714800000|  0%| F|  |TAMS 0x0000000714600000, 0x0000000714600000| Untracked 
| 136|0x0000000714800000, 0x0000000714800000, 0x0000000714a00000|  0%| F|  |TAMS 0x0000000714800000, 0x0000000714800000| Untracked 
| 137|0x0000000714a00000, 0x0000000714a00000, 0x0000000714c00000|  0%| F|  |TAMS 0x0000000714a00000, 0x0000000714a00000| Untracked 
| 138|0x0000000714c00000, 0x0000000714c00000, 0x0000000714e00000|  0%| F|  |TAMS 0x0000000714c00000, 0x0000000714c00000| Untracked 
| 139|0x0000000714e00000, 0x0000000714e00000, 0x0000000715000000|  0%| F|  |TAMS 0x0000000714e00000, 0x0000000714e00000| Untracked 
| 140|0x0000000715000000, 0x0000000715000000, 0x0000000715200000|  0%| F|  |TAMS 0x0000000715000000, 0x0000000715000000| Untracked 
| 141|0x0000000715200000, 0x0000000715200000, 0x0000000715400000|  0%| F|  |TAMS 0x0000000715200000, 0x0000000715200000| Untracked 
| 142|0x0000000715400000, 0x0000000715400000, 0x0000000715600000|  0%| F|  |TAMS 0x0000000715400000, 0x0000000715400000| Untracked 
| 143|0x0000000715600000, 0x0000000715600000, 0x0000000715800000|  0%| F|  |TAMS 0x0000000715600000, 0x0000000715600000| Untracked 
| 144|0x0000000715800000, 0x0000000715800000, 0x0000000715a00000|  0%| F|  |TAMS 0x0000000715800000, 0x0000000715800000| Untracked 
| 145|0x0000000715a00000, 0x0000000715a00000, 0x0000000715c00000|  0%| F|  |TAMS 0x0000000715a00000, 0x0000000715a00000| Untracked 
| 146|0x0000000715c00000, 0x0000000715c00000, 0x0000000715e00000|  0%| F|  |TAMS 0x0000000715c00000, 0x0000000715c00000| Untracked 
| 147|0x0000000715e00000, 0x0000000715e00000, 0x0000000716000000|  0%| F|  |TAMS 0x0000000715e00000, 0x0000000715e00000| Untracked 
| 148|0x0000000716000000, 0x0000000716000000, 0x0000000716200000|  0%| F|  |TAMS 0x0000000716000000, 0x0000000716000000| Untracked 
| 149|0x0000000716200000, 0x0000000716200000, 0x0000000716400000|  0%| F|  |TAMS 0x0000000716200000, 0x0000000716200000| Untracked 
| 150|0x0000000716400000, 0x0000000716400000, 0x0000000716600000|  0%| F|  |TAMS 0x0000000716400000, 0x0000000716400000| Untracked 
| 151|0x0000000716600000, 0x0000000716600000, 0x0000000716800000|  0%| F|  |TAMS 0x0000000716600000, 0x0000000716600000| Untracked 
| 152|0x0000000716800000, 0x0000000716800000, 0x0000000716a00000|  0%| F|  |TAMS 0x0000000716800000, 0x0000000716800000| Untracked 
| 153|0x0000000716a00000, 0x0000000716a00000, 0x0000000716c00000|  0%| F|  |TAMS 0x0000000716a00000, 0x0000000716a00000| Untracked 
| 154|0x0000000716c00000, 0x0000000716c00000, 0x0000000716e00000|  0%| F|  |TAMS 0x0000000716c00000, 0x0000000716c00000| Untracked 
| 155|0x0000000716e00000, 0x0000000716e00000, 0x0000000717000000|  0%| F|  |TAMS 0x0000000716e00000, 0x0000000716e00000| Untracked 
| 156|0x0000000717000000, 0x0000000717000000, 0x0000000717200000|  0%| F|  |TAMS 0x0000000717000000, 0x0000000717000000| Untracked 
| 157|0x0000000717200000, 0x0000000717200000, 0x0000000717400000|  0%| F|  |TAMS 0x0000000717200000, 0x0000000717200000| Untracked 
| 158|0x0000000717400000, 0x0000000717400000, 0x0000000717600000|  0%| F|  |TAMS 0x0000000717400000, 0x0000000717400000| Untracked 
| 159|0x0000000717600000, 0x0000000717600000, 0x0000000717800000|  0%| F|  |TAMS 0x0000000717600000, 0x0000000717600000| Untracked 
| 160|0x0000000717800000, 0x0000000717800000, 0x0000000717a00000|  0%| F|  |TAMS 0x0000000717800000, 0x0000000717800000| Untracked 
| 161|0x0000000717a00000, 0x0000000717a00000, 0x0000000717c00000|  0%| F|  |TAMS 0x0000000717a00000, 0x0000000717a00000| Untracked 
| 162|0x0000000717c00000, 0x0000000717c00000, 0x0000000717e00000|  0%| F|  |TAMS 0x0000000717c00000, 0x0000000717c00000| Untracked 
| 163|0x0000000717e00000, 0x0000000717e00000, 0x0000000718000000|  0%| F|  |TAMS 0x0000000717e00000, 0x0000000717e00000| Untracked 
| 164|0x0000000718000000, 0x0000000718000000, 0x0000000718200000|  0%| F|  |TAMS 0x0000000718000000, 0x0000000718000000| Untracked 
| 165|0x0000000718200000, 0x0000000718200000, 0x0000000718400000|  0%| F|  |TAMS 0x0000000718200000, 0x0000000718200000| Untracked 
| 166|0x0000000718400000, 0x0000000718400000, 0x0000000718600000|  0%| F|  |TAMS 0x0000000718400000, 0x0000000718400000| Untracked 
| 167|0x0000000718600000, 0x0000000718600000, 0x0000000718800000|  0%| F|  |TAMS 0x0000000718600000, 0x0000000718600000| Untracked 
| 168|0x0000000718800000, 0x0000000718800000, 0x0000000718a00000|  0%| F|  |TAMS 0x0000000718800000, 0x0000000718800000| Untracked 
| 169|0x0000000718a00000, 0x0000000718a00000, 0x0000000718c00000|  0%| F|  |TAMS 0x0000000718a00000, 0x0000000718a00000| Untracked 
| 170|0x0000000718c00000, 0x0000000718c00000, 0x0000000718e00000|  0%| F|  |TAMS 0x0000000718c00000, 0x0000000718c00000| Untracked 
| 171|0x0000000718e00000, 0x0000000718e00000, 0x0000000719000000|  0%| F|  |TAMS 0x0000000718e00000, 0x0000000718e00000| Untracked 
| 172|0x0000000719000000, 0x0000000719000000, 0x0000000719200000|  0%| F|  |TAMS 0x0000000719000000, 0x0000000719000000| Untracked 
| 173|0x0000000719200000, 0x0000000719200000, 0x0000000719400000|  0%| F|  |TAMS 0x0000000719200000, 0x0000000719200000| Untracked 
| 174|0x0000000719400000, 0x0000000719400000, 0x0000000719600000|  0%| F|  |TAMS 0x0000000719400000, 0x0000000719400000| Untracked 
| 175|0x0000000719600000, 0x0000000719600000, 0x0000000719800000|  0%| F|  |TAMS 0x0000000719600000, 0x0000000719600000| Untracked 
| 176|0x0000000719800000, 0x0000000719800000, 0x0000000719a00000|  0%| F|  |TAMS 0x0000000719800000, 0x0000000719800000| Untracked 
| 177|0x0000000719a00000, 0x0000000719a00000, 0x0000000719c00000|  0%| F|  |TAMS 0x0000000719a00000, 0x0000000719a00000| Untracked 
| 178|0x0000000719c00000, 0x0000000719c00000, 0x0000000719e00000|  0%| F|  |TAMS 0x0000000719c00000, 0x0000000719c00000| Untracked 
| 179|0x0000000719e00000, 0x0000000719e00000, 0x000000071a000000|  0%| F|  |TAMS 0x0000000719e00000, 0x0000000719e00000| Untracked 
| 180|0x000000071a000000, 0x000000071a000000, 0x000000071a200000|  0%| F|  |TAMS 0x000000071a000000, 0x000000071a000000| Untracked 
| 181|0x000000071a200000, 0x000000071a200000, 0x000000071a400000|  0%| F|  |TAMS 0x000000071a200000, 0x000000071a200000| Untracked 
| 182|0x000000071a400000, 0x000000071a400000, 0x000000071a600000|  0%| F|  |TAMS 0x000000071a400000, 0x000000071a400000| Untracked 
| 183|0x000000071a600000, 0x000000071a600000, 0x000000071a800000|  0%| F|  |TAMS 0x000000071a600000, 0x000000071a600000| Untracked 
| 184|0x000000071a800000, 0x000000071a800000, 0x000000071aa00000|  0%| F|  |TAMS 0x000000071a800000, 0x000000071a800000| Untracked 
| 185|0x000000071aa00000, 0x000000071aa00000, 0x000000071ac00000|  0%| F|  |TAMS 0x000000071aa00000, 0x000000071aa00000| Untracked 
| 186|0x000000071ac00000, 0x000000071ac00000, 0x000000071ae00000|  0%| F|  |TAMS 0x000000071ac00000, 0x000000071ac00000| Untracked 
| 187|0x000000071ae00000, 0x000000071ae00000, 0x000000071b000000|  0%| F|  |TAMS 0x000000071ae00000, 0x000000071ae00000| Untracked 
| 188|0x000000071b000000, 0x000000071b000000, 0x000000071b200000|  0%| F|  |TAMS 0x000000071b000000, 0x000000071b000000| Untracked 
| 189|0x000000071b200000, 0x000000071b200000, 0x000000071b400000|  0%| F|  |TAMS 0x000000071b200000, 0x000000071b200000| Untracked 
| 190|0x000000071b400000, 0x000000071b400000, 0x000000071b600000|  0%| F|  |TAMS 0x000000071b400000, 0x000000071b400000| Untracked 
| 191|0x000000071b600000, 0x000000071b600000, 0x000000071b800000|  0%| F|  |TAMS 0x000000071b600000, 0x000000071b600000| Untracked 
| 192|0x000000071b800000, 0x000000071b800000, 0x000000071ba00000|  0%| F|  |TAMS 0x000000071b800000, 0x000000071b800000| Untracked 
| 193|0x000000071ba00000, 0x000000071ba00000, 0x000000071bc00000|  0%| F|  |TAMS 0x000000071ba00000, 0x000000071ba00000| Untracked 
| 194|0x000000071bc00000, 0x000000071bc00000, 0x000000071be00000|  0%| F|  |TAMS 0x000000071bc00000, 0x000000071bc00000| Untracked 
| 195|0x000000071be00000, 0x000000071be00000, 0x000000071c000000|  0%| F|  |TAMS 0x000000071be00000, 0x000000071be00000| Untracked 
| 196|0x000000071c000000, 0x000000071c000000, 0x000000071c200000|  0%| F|  |TAMS 0x000000071c000000, 0x000000071c000000| Untracked 
| 197|0x000000071c200000, 0x000000071c200000, 0x000000071c400000|  0%| F|  |TAMS 0x000000071c200000, 0x000000071c200000| Untracked 
| 198|0x000000071c400000, 0x000000071c400000, 0x000000071c600000|  0%| F|  |TAMS 0x000000071c400000, 0x000000071c400000| Untracked 
| 199|0x000000071c600000, 0x000000071c600000, 0x000000071c800000|  0%| F|  |TAMS 0x000000071c600000, 0x000000071c600000| Untracked 
| 200|0x000000071c800000, 0x000000071c800000, 0x000000071ca00000|  0%| F|  |TAMS 0x000000071c800000, 0x000000071c800000| Untracked 
| 201|0x000000071ca00000, 0x000000071ca00000, 0x000000071cc00000|  0%| F|  |TAMS 0x000000071ca00000, 0x000000071ca00000| Untracked 
| 202|0x000000071cc00000, 0x000000071cc00000, 0x000000071ce00000|  0%| F|  |TAMS 0x000000071cc00000, 0x000000071cc00000| Untracked 
| 203|0x000000071ce00000, 0x000000071ce00000, 0x000000071d000000|  0%| F|  |TAMS 0x000000071ce00000, 0x000000071ce00000| Untracked 
| 204|0x000000071d000000, 0x000000071d000000, 0x000000071d200000|  0%| F|  |TAMS 0x000000071d000000, 0x000000071d000000| Untracked 
| 205|0x000000071d200000, 0x000000071d200000, 0x000000071d400000|  0%| F|  |TAMS 0x000000071d200000, 0x000000071d200000| Untracked 
| 206|0x000000071d400000, 0x000000071d400000, 0x000000071d600000|  0%| F|  |TAMS 0x000000071d400000, 0x000000071d400000| Untracked 
| 207|0x000000071d600000, 0x000000071d600000, 0x000000071d800000|  0%| F|  |TAMS 0x000000071d600000, 0x000000071d600000| Untracked 
| 208|0x000000071d800000, 0x000000071d800000, 0x000000071da00000|  0%| F|  |TAMS 0x000000071d800000, 0x000000071d800000| Untracked 
| 209|0x000000071da00000, 0x000000071da00000, 0x000000071dc00000|  0%| F|  |TAMS 0x000000071da00000, 0x000000071da00000| Untracked 
| 210|0x000000071dc00000, 0x000000071dc00000, 0x000000071de00000|  0%| F|  |TAMS 0x000000071dc00000, 0x000000071dc00000| Untracked 
| 211|0x000000071de00000, 0x000000071de00000, 0x000000071e000000|  0%| F|  |TAMS 0x000000071de00000, 0x000000071de00000| Untracked 
| 212|0x000000071e000000, 0x000000071e000000, 0x000000071e200000|  0%| F|  |TAMS 0x000000071e000000, 0x000000071e000000| Untracked 
| 213|0x000000071e200000, 0x000000071e200000, 0x000000071e400000|  0%| F|  |TAMS 0x000000071e200000, 0x000000071e200000| Untracked 
| 214|0x000000071e400000, 0x000000071e400000, 0x000000071e600000|  0%| F|  |TAMS 0x000000071e400000, 0x000000071e400000| Untracked 
| 215|0x000000071e600000, 0x000000071e600000, 0x000000071e800000|  0%| F|  |TAMS 0x000000071e600000, 0x000000071e600000| Untracked 
| 216|0x000000071e800000, 0x000000071e800000, 0x000000071ea00000|  0%| F|  |TAMS 0x000000071e800000, 0x000000071e800000| Untracked 
| 217|0x000000071ea00000, 0x000000071ea00000, 0x000000071ec00000|  0%| F|  |TAMS 0x000000071ea00000, 0x000000071ea00000| Untracked 
| 218|0x000000071ec00000, 0x000000071ec00000, 0x000000071ee00000|  0%| F|  |TAMS 0x000000071ec00000, 0x000000071ec00000| Untracked 
| 219|0x000000071ee00000, 0x000000071ee00000, 0x000000071f000000|  0%| F|  |TAMS 0x000000071ee00000, 0x000000071ee00000| Untracked 
| 220|0x000000071f000000, 0x000000071f000000, 0x000000071f200000|  0%| F|  |TAMS 0x000000071f000000, 0x000000071f000000| Untracked 
| 221|0x000000071f200000, 0x000000071f200000, 0x000000071f400000|  0%| F|  |TAMS 0x000000071f200000, 0x000000071f200000| Untracked 
| 222|0x000000071f400000, 0x000000071f400000, 0x000000071f600000|  0%| F|  |TAMS 0x000000071f400000, 0x000000071f400000| Untracked 
| 223|0x000000071f600000, 0x000000071f600000, 0x000000071f800000|  0%| F|  |TAMS 0x000000071f600000, 0x000000071f600000| Untracked 
| 224|0x000000071f800000, 0x000000071f800000, 0x000000071fa00000|  0%| F|  |TAMS 0x000000071f800000, 0x000000071f800000| Untracked 
| 225|0x000000071fa00000, 0x000000071fa00000, 0x000000071fc00000|  0%| F|  |TAMS 0x000000071fa00000, 0x000000071fa00000| Untracked 
| 226|0x000000071fc00000, 0x000000071fc00000, 0x000000071fe00000|  0%| F|  |TAMS 0x000000071fc00000, 0x000000071fc00000| Untracked 
| 227|0x000000071fe00000, 0x000000071fe00000, 0x0000000720000000|  0%| F|  |TAMS 0x000000071fe00000, 0x000000071fe00000| Untracked 
| 228|0x0000000720000000, 0x0000000720000000, 0x0000000720200000|  0%| F|  |TAMS 0x0000000720000000, 0x0000000720000000| Untracked 
| 229|0x0000000720200000, 0x0000000720200000, 0x0000000720400000|  0%| F|  |TAMS 0x0000000720200000, 0x0000000720200000| Untracked 
| 230|0x0000000720400000, 0x0000000720400000, 0x0000000720600000|  0%| F|  |TAMS 0x0000000720400000, 0x0000000720400000| Untracked 
| 231|0x0000000720600000, 0x0000000720600000, 0x0000000720800000|  0%| F|  |TAMS 0x0000000720600000, 0x0000000720600000| Untracked 
| 232|0x0000000720800000, 0x0000000720800000, 0x0000000720a00000|  0%| F|  |TAMS 0x0000000720800000, 0x0000000720800000| Untracked 
| 233|0x0000000720a00000, 0x0000000720a00000, 0x0000000720c00000|  0%| F|  |TAMS 0x0000000720a00000, 0x0000000720a00000| Untracked 
| 234|0x0000000720c00000, 0x0000000720c00000, 0x0000000720e00000|  0%| F|  |TAMS 0x0000000720c00000, 0x0000000720c00000| Untracked 
| 235|0x0000000720e00000, 0x0000000720e00000, 0x0000000721000000|  0%| F|  |TAMS 0x0000000720e00000, 0x0000000720e00000| Untracked 
| 236|0x0000000721000000, 0x0000000721000000, 0x0000000721200000|  0%| F|  |TAMS 0x0000000721000000, 0x0000000721000000| Untracked 
| 237|0x0000000721200000, 0x0000000721200000, 0x0000000721400000|  0%| F|  |TAMS 0x0000000721200000, 0x0000000721200000| Untracked 
| 238|0x0000000721400000, 0x0000000721400000, 0x0000000721600000|  0%| F|  |TAMS 0x0000000721400000, 0x0000000721400000| Untracked 
| 239|0x0000000721600000, 0x0000000721600000, 0x0000000721800000|  0%| F|  |TAMS 0x0000000721600000, 0x0000000721600000| Untracked 
| 240|0x0000000721800000, 0x0000000721800000, 0x0000000721a00000|  0%| F|  |TAMS 0x0000000721800000, 0x0000000721800000| Untracked 
| 241|0x0000000721a00000, 0x0000000721a00000, 0x0000000721c00000|  0%| F|  |TAMS 0x0000000721a00000, 0x0000000721a00000| Untracked 
| 242|0x0000000721c00000, 0x0000000721c00000, 0x0000000721e00000|  0%| F|  |TAMS 0x0000000721c00000, 0x0000000721c00000| Untracked 
| 243|0x0000000721e00000, 0x0000000721e00000, 0x0000000722000000|  0%| F|  |TAMS 0x0000000721e00000, 0x0000000721e00000| Untracked 
| 244|0x0000000722000000, 0x0000000722000000, 0x0000000722200000|  0%| F|  |TAMS 0x0000000722000000, 0x0000000722000000| Untracked 
| 245|0x0000000722200000, 0x0000000722200000, 0x0000000722400000|  0%| F|  |TAMS 0x0000000722200000, 0x0000000722200000| Untracked 
| 246|0x0000000722400000, 0x0000000722400000, 0x0000000722600000|  0%| F|  |TAMS 0x0000000722400000, 0x0000000722400000| Untracked 
| 247|0x0000000722600000, 0x0000000722600000, 0x0000000722800000|  0%| F|  |TAMS 0x0000000722600000, 0x0000000722600000| Untracked 
| 248|0x0000000722800000, 0x0000000722800000, 0x0000000722a00000|  0%| F|  |TAMS 0x0000000722800000, 0x0000000722800000| Untracked 
| 249|0x0000000722a00000, 0x0000000722a00000, 0x0000000722c00000|  0%| F|  |TAMS 0x0000000722a00000, 0x0000000722a00000| Untracked 
| 250|0x0000000722c00000, 0x0000000722c00000, 0x0000000722e00000|  0%| F|  |TAMS 0x0000000722c00000, 0x0000000722c00000| Untracked 
| 251|0x0000000722e00000, 0x0000000722e00000, 0x0000000723000000|  0%| F|  |TAMS 0x0000000722e00000, 0x0000000722e00000| Untracked 
| 252|0x0000000723000000, 0x0000000723000000, 0x0000000723200000|  0%| F|  |TAMS 0x0000000723000000, 0x0000000723000000| Untracked 
| 253|0x0000000723200000, 0x0000000723200000, 0x0000000723400000|  0%| F|  |TAMS 0x0000000723200000, 0x0000000723200000| Untracked 
| 254|0x0000000723400000, 0x0000000723400000, 0x0000000723600000|  0%| F|  |TAMS 0x0000000723400000, 0x0000000723400000| Untracked 
| 255|0x0000000723600000, 0x0000000723600000, 0x0000000723800000|  0%| F|  |TAMS 0x0000000723600000, 0x0000000723600000| Untracked 
| 256|0x0000000723800000, 0x0000000723800000, 0x0000000723a00000|  0%| F|  |TAMS 0x0000000723800000, 0x0000000723800000| Untracked 
| 257|0x0000000723a00000, 0x0000000723a00000, 0x0000000723c00000|  0%| F|  |TAMS 0x0000000723a00000, 0x0000000723a00000| Untracked 
| 258|0x0000000723c00000, 0x0000000723c00000, 0x0000000723e00000|  0%| F|  |TAMS 0x0000000723c00000, 0x0000000723c00000| Untracked 
| 259|0x0000000723e00000, 0x0000000723e00000, 0x0000000724000000|  0%| F|  |TAMS 0x0000000723e00000, 0x0000000723e00000| Untracked 
| 260|0x0000000724000000, 0x0000000724000000, 0x0000000724200000|  0%| F|  |TAMS 0x0000000724000000, 0x0000000724000000| Untracked 
| 261|0x0000000724200000, 0x0000000724200000, 0x0000000724400000|  0%| F|  |TAMS 0x0000000724200000, 0x0000000724200000| Untracked 
| 262|0x0000000724400000, 0x0000000724400000, 0x0000000724600000|  0%| F|  |TAMS 0x0000000724400000, 0x0000000724400000| Untracked 
| 263|0x0000000724600000, 0x0000000724600000, 0x0000000724800000|  0%| F|  |TAMS 0x0000000724600000, 0x0000000724600000| Untracked 
| 264|0x0000000724800000, 0x0000000724800000, 0x0000000724a00000|  0%| F|  |TAMS 0x0000000724800000, 0x0000000724800000| Untracked 
| 265|0x0000000724a00000, 0x0000000724a00000, 0x0000000724c00000|  0%| F|  |TAMS 0x0000000724a00000, 0x0000000724a00000| Untracked 
| 266|0x0000000724c00000, 0x0000000724c00000, 0x0000000724e00000|  0%| F|  |TAMS 0x0000000724c00000, 0x0000000724c00000| Untracked 
| 267|0x0000000724e00000, 0x0000000724e00000, 0x0000000725000000|  0%| F|  |TAMS 0x0000000724e00000, 0x0000000724e00000| Untracked 
| 268|0x0000000725000000, 0x0000000725000000, 0x0000000725200000|  0%| F|  |TAMS 0x0000000725000000, 0x0000000725000000| Untracked 
| 269|0x0000000725200000, 0x0000000725200000, 0x0000000725400000|  0%| F|  |TAMS 0x0000000725200000, 0x0000000725200000| Untracked 
| 270|0x0000000725400000, 0x0000000725400000, 0x0000000725600000|  0%| F|  |TAMS 0x0000000725400000, 0x0000000725400000| Untracked 
| 271|0x0000000725600000, 0x0000000725600000, 0x0000000725800000|  0%| F|  |TAMS 0x0000000725600000, 0x0000000725600000| Untracked 
| 272|0x0000000725800000, 0x0000000725800000, 0x0000000725a00000|  0%| F|  |TAMS 0x0000000725800000, 0x0000000725800000| Untracked 
| 273|0x0000000725a00000, 0x0000000725a00000, 0x0000000725c00000|  0%| F|  |TAMS 0x0000000725a00000, 0x0000000725a00000| Untracked 
| 274|0x0000000725c00000, 0x0000000725c00000, 0x0000000725e00000|  0%| F|  |TAMS 0x0000000725c00000, 0x0000000725c00000| Untracked 
| 275|0x0000000725e00000, 0x0000000725e00000, 0x0000000726000000|  0%| F|  |TAMS 0x0000000725e00000, 0x0000000725e00000| Untracked 
| 276|0x0000000726000000, 0x0000000726000000, 0x0000000726200000|  0%| F|  |TAMS 0x0000000726000000, 0x0000000726000000| Untracked 
| 277|0x0000000726200000, 0x0000000726200000, 0x0000000726400000|  0%| F|  |TAMS 0x0000000726200000, 0x0000000726200000| Untracked 
| 278|0x0000000726400000, 0x0000000726400000, 0x0000000726600000|  0%| F|  |TAMS 0x0000000726400000, 0x0000000726400000| Untracked 
| 279|0x0000000726600000, 0x0000000726600000, 0x0000000726800000|  0%| F|  |TAMS 0x0000000726600000, 0x0000000726600000| Untracked 
| 280|0x0000000726800000, 0x0000000726800000, 0x0000000726a00000|  0%| F|  |TAMS 0x0000000726800000, 0x0000000726800000| Untracked 
| 281|0x0000000726a00000, 0x0000000726a00000, 0x0000000726c00000|  0%| F|  |TAMS 0x0000000726a00000, 0x0000000726a00000| Untracked 
| 282|0x0000000726c00000, 0x0000000726c00000, 0x0000000726e00000|  0%| F|  |TAMS 0x0000000726c00000, 0x0000000726c00000| Untracked 
| 283|0x0000000726e00000, 0x0000000726e00000, 0x0000000727000000|  0%| F|  |TAMS 0x0000000726e00000, 0x0000000726e00000| Untracked 
| 284|0x0000000727000000, 0x0000000727000000, 0x0000000727200000|  0%| F|  |TAMS 0x0000000727000000, 0x0000000727000000| Untracked 
| 285|0x0000000727200000, 0x0000000727200000, 0x0000000727400000|  0%| F|  |TAMS 0x0000000727200000, 0x0000000727200000| Untracked 
| 286|0x0000000727400000, 0x0000000727400000, 0x0000000727600000|  0%| F|  |TAMS 0x0000000727400000, 0x0000000727400000| Untracked 
| 287|0x0000000727600000, 0x0000000727600000, 0x0000000727800000|  0%| F|  |TAMS 0x0000000727600000, 0x0000000727600000| Untracked 
| 288|0x0000000727800000, 0x0000000727800000, 0x0000000727a00000|  0%| F|  |TAMS 0x0000000727800000, 0x0000000727800000| Untracked 
| 289|0x0000000727a00000, 0x0000000727a00000, 0x0000000727c00000|  0%| F|  |TAMS 0x0000000727a00000, 0x0000000727a00000| Untracked 
| 290|0x0000000727c00000, 0x0000000727c00000, 0x0000000727e00000|  0%| F|  |TAMS 0x0000000727c00000, 0x0000000727c00000| Untracked 
| 291|0x0000000727e00000, 0x0000000727e00000, 0x0000000728000000|  0%| F|  |TAMS 0x0000000727e00000, 0x0000000727e00000| Untracked 
| 292|0x0000000728000000, 0x0000000728000000, 0x0000000728200000|  0%| F|  |TAMS 0x0000000728000000, 0x0000000728000000| Untracked 
| 293|0x0000000728200000, 0x0000000728200000, 0x0000000728400000|  0%| F|  |TAMS 0x0000000728200000, 0x0000000728200000| Untracked 
| 294|0x0000000728400000, 0x0000000728400000, 0x0000000728600000|  0%| F|  |TAMS 0x0000000728400000, 0x0000000728400000| Untracked 
| 295|0x0000000728600000, 0x0000000728600000, 0x0000000728800000|  0%| F|  |TAMS 0x0000000728600000, 0x0000000728600000| Untracked 
| 296|0x0000000728800000, 0x0000000728800000, 0x0000000728a00000|  0%| F|  |TAMS 0x0000000728800000, 0x0000000728800000| Untracked 
| 297|0x0000000728a00000, 0x0000000728a00000, 0x0000000728c00000|  0%| F|  |TAMS 0x0000000728a00000, 0x0000000728a00000| Untracked 
| 298|0x0000000728c00000, 0x0000000728c00000, 0x0000000728e00000|  0%| F|  |TAMS 0x0000000728c00000, 0x0000000728c00000| Untracked 
| 299|0x0000000728e00000, 0x0000000728e00000, 0x0000000729000000|  0%| F|  |TAMS 0x0000000728e00000, 0x0000000728e00000| Untracked 
| 300|0x0000000729000000, 0x0000000729000000, 0x0000000729200000|  0%| F|  |TAMS 0x0000000729000000, 0x0000000729000000| Untracked 
| 301|0x0000000729200000, 0x0000000729200000, 0x0000000729400000|  0%| F|  |TAMS 0x0000000729200000, 0x0000000729200000| Untracked 
| 302|0x0000000729400000, 0x0000000729400000, 0x0000000729600000|  0%| F|  |TAMS 0x0000000729400000, 0x0000000729400000| Untracked 
| 303|0x0000000729600000, 0x0000000729600000, 0x0000000729800000|  0%| F|  |TAMS 0x0000000729600000, 0x0000000729600000| Untracked 
| 304|0x0000000729800000, 0x0000000729800000, 0x0000000729a00000|  0%| F|  |TAMS 0x0000000729800000, 0x0000000729800000| Untracked 
| 305|0x0000000729a00000, 0x0000000729a00000, 0x0000000729c00000|  0%| F|  |TAMS 0x0000000729a00000, 0x0000000729a00000| Untracked 
| 306|0x0000000729c00000, 0x0000000729c00000, 0x0000000729e00000|  0%| F|  |TAMS 0x0000000729c00000, 0x0000000729c00000| Untracked 
| 307|0x0000000729e00000, 0x0000000729e00000, 0x000000072a000000|  0%| F|  |TAMS 0x0000000729e00000, 0x0000000729e00000| Untracked 
| 308|0x000000072a000000, 0x000000072a000000, 0x000000072a200000|  0%| F|  |TAMS 0x000000072a000000, 0x000000072a000000| Untracked 
| 309|0x000000072a200000, 0x000000072a200000, 0x000000072a400000|  0%| F|  |TAMS 0x000000072a200000, 0x000000072a200000| Untracked 
| 310|0x000000072a400000, 0x000000072a400000, 0x000000072a600000|  0%| F|  |TAMS 0x000000072a400000, 0x000000072a400000| Untracked 
| 311|0x000000072a600000, 0x000000072a600000, 0x000000072a800000|  0%| F|  |TAMS 0x000000072a600000, 0x000000072a600000| Untracked 
| 312|0x000000072a800000, 0x000000072a800000, 0x000000072aa00000|  0%| F|  |TAMS 0x000000072a800000, 0x000000072a800000| Untracked 
| 313|0x000000072aa00000, 0x000000072aa00000, 0x000000072ac00000|  0%| F|  |TAMS 0x000000072aa00000, 0x000000072aa00000| Untracked 
| 314|0x000000072ac00000, 0x000000072ac00000, 0x000000072ae00000|  0%| F|  |TAMS 0x000000072ac00000, 0x000000072ac00000| Untracked 
| 315|0x000000072ae00000, 0x000000072ae00000, 0x000000072b000000|  0%| F|  |TAMS 0x000000072ae00000, 0x000000072ae00000| Untracked 
| 316|0x000000072b000000, 0x000000072b000000, 0x000000072b200000|  0%| F|  |TAMS 0x000000072b000000, 0x000000072b000000| Untracked 
| 317|0x000000072b200000, 0x000000072b200000, 0x000000072b400000|  0%| F|  |TAMS 0x000000072b200000, 0x000000072b200000| Untracked 
| 318|0x000000072b400000, 0x000000072b400000, 0x000000072b600000|  0%| F|  |TAMS 0x000000072b400000, 0x000000072b400000| Untracked 
| 319|0x000000072b600000, 0x000000072b600000, 0x000000072b800000|  0%| F|  |TAMS 0x000000072b600000, 0x000000072b600000| Untracked 
| 320|0x000000072b800000, 0x000000072b800000, 0x000000072ba00000|  0%| F|  |TAMS 0x000000072b800000, 0x000000072b800000| Untracked 
| 321|0x000000072ba00000, 0x000000072ba00000, 0x000000072bc00000|  0%| F|  |TAMS 0x000000072ba00000, 0x000000072ba00000| Untracked 
| 322|0x000000072bc00000, 0x000000072bc00000, 0x000000072be00000|  0%| F|  |TAMS 0x000000072bc00000, 0x000000072bc00000| Untracked 
| 323|0x000000072be00000, 0x000000072be00000, 0x000000072c000000|  0%| F|  |TAMS 0x000000072be00000, 0x000000072be00000| Untracked 
| 324|0x000000072c000000, 0x000000072c000000, 0x000000072c200000|  0%| F|  |TAMS 0x000000072c000000, 0x000000072c000000| Untracked 
| 325|0x000000072c200000, 0x000000072c200000, 0x000000072c400000|  0%| F|  |TAMS 0x000000072c200000, 0x000000072c200000| Untracked 
| 326|0x000000072c400000, 0x000000072c400000, 0x000000072c600000|  0%| F|  |TAMS 0x000000072c400000, 0x000000072c400000| Untracked 

Card table byte_map: [0x000001987be90000,0x000001987c680000] _byte_map_base: 0x0000019878674000

Marking Bits (Prev, Next): (CMBitMap*) 0x0000019864b9d500, (CMBitMap*) 0x0000019864b9d540
 Prev Bits: [0x0000019800000000, 0x0000019803f20000)
 Next Bits: [0x0000019803f20000, 0x0000019807e40000)

Polling page: 0x0000019862b00000

Metaspace:

Usage:
  Non-class:     10.90 MB used.
      Class:      1.37 MB used.
       Both:     12.27 MB used.

Virtual space:
  Non-class space:       16.00 MB reserved,      11.00 MB ( 69%) committed,  2 nodes.
      Class space:        1.00 GB reserved,       1.50 MB ( <1%) committed,  1 nodes.
             Both:        1.02 GB reserved,      12.50 MB (  1%) committed. 

Chunk freelists:
   Non-Class:  832.00 KB
       Class:  2.54 MB
        Both:  3.35 MB

MaxMetaspaceSize: unlimited
CompressedClassSpaceSize: 1.00 GB
Initial GC threshold: 21.00 MB
Current GC threshold: 21.00 MB
CDS: on
MetaspaceReclaimPolicy: balanced
 - commit_granule_bytes: 65536.
 - commit_granule_words: 8192.
 - virtual_space_node_default_size: 1048576.
 - enlarge_chunks_in_place: 1.
 - new_chunks_are_fully_committed: 0.
 - uncommit_free_chunks: 1.
 - use_allocation_guard: 0.
 - handle_deallocations: 1.


Internal statistics:

num_allocs_failed_limit: 0.
num_arena_births: 132.
num_arena_deaths: 0.
num_vsnodes_births: 3.
num_vsnodes_deaths: 0.
num_space_committed: 200.
num_space_uncommitted: 0.
num_chunks_returned_to_freelist: 0.
num_chunks_taken_from_freelist: 215.
num_chunk_merges: 0.
num_chunk_splits: 113.
num_chunks_enlarged: 45.
num_purges: 0.
num_inconsistent_stats: 0.

CodeHeap 'non-profiled nmethods': size=120000Kb used=2014Kb max_used=2014Kb free=117985Kb
 bounds [0x0000019873e30000, 0x00000198740a0000, 0x000001987b360000]
CodeHeap 'profiled nmethods': size=120000Kb used=6189Kb max_used=6189Kb free=113810Kb
 bounds [0x000001986c900000, 0x000001986cf10000, 0x0000019873e30000]
CodeHeap 'non-nmethods': size=5760Kb used=1293Kb max_used=1395Kb free=4466Kb
 bounds [0x000001986c360000, 0x000001986c5d0000, 0x000001986c900000]
 total_blobs=3690 nmethods=3071 adapters=530
 compilation: enabled
              stopped_count=0, restarted_count=0
 full_count=0

Compilation events (20 events):
Event: 24.307 Thread 0x000001987f8b00e0 3072       4       java.lang.StringLatin1::canEncode (13 bytes)
Event: 24.307 Thread 0x000001987f8b00e0 nmethod 3072 0x000001987401bb10 code [0x000001987401bc80, 0x000001987401bcf8]
Event: 24.347 Thread 0x000001987f8b00e0 3073       4       java.lang.StringLatin1::trim (76 bytes)
Event: 24.348 Thread 0x000001987f8b00e0 nmethod 3073 0x000001987401be10 code [0x000001987401bf80, 0x000001987401c078]
Event: 24.348 Thread 0x000001987f8b00e0 3074       4       java.util.regex.Matcher::replaceAll (59 bytes)
Event: 24.349 Thread 0x000001987f8b0b80 3078       3       java.util.regex.Pattern::escape (1327 bytes)
Event: 24.351 Thread 0x000001987f8b0b80 nmethod 3078 0x000001986cefb510 code [0x000001986cefc060, 0x000001986cf03108]
Event: 24.351 Thread 0x000001987f8b0b80 3079       3       java.util.regex.Pattern::group0 (1098 bytes)
Event: 24.352 Thread 0x000001980a348920 3075       4       java.lang.String::replaceAll (13 bytes)
Event: 24.353 Thread 0x000001987f8b0b80 nmethod 3079 0x000001986cf04810 code [0x000001986cf05060, 0x000001986cf09b68]
Event: 24.397 Thread 0x000001987f8b0b80 3081       1       javax.swing.text.PlainDocument::getDefaultRootElement (5 bytes)
Event: 24.398 Thread 0x000001987f8b0b80 nmethod 3081 0x000001987401c190 code [0x000001987401c320, 0x000001987401c3f8]
Event: 24.413 Thread 0x000001987f8b00e0 nmethod 3074 0x000001987401c490 code [0x000001987401c7c0, 0x000001987401f7a0]
Event: 24.413 Thread 0x000001987f8b00e0 3080       4       java.util.regex.Pattern::newCharProperty (39 bytes)
Event: 24.415 Thread 0x000001987f8b00e0 nmethod 3080 0x0000019874021290 code [0x0000019874021420, 0x0000019874021778]
Event: 24.415 Thread 0x000001987f8b00e0 3077       4       java.util.regex.Pattern$CharPropertyGreedy::study (45 bytes)
Event: 24.416 Thread 0x000001987f8b00e0 nmethod 3077 0x0000019874021910 code [0x0000019874021aa0, 0x0000019874021c18]
Event: 24.416 Thread 0x000001987f8b00e0 3076       4       java.lang.String::trim (35 bytes)
Event: 24.421 Thread 0x000001987f8b00e0 nmethod 3076 0x0000019874021d90 code [0x0000019874021f20, 0x0000019874022608]
Event: 24.423 Thread 0x000001980a348920 nmethod 3075 0x0000019874022890 code [0x0000019874022c00, 0x0000019874025dd0]

GC Heap History (20 events):
Event: 24.143 GC heap after
{Heap after GC invocations=35 (full 0):
 garbage-first heap   total 669696K, used 7099K [0x0000000703800000, 0x0000000800000000)
  region size 2048K, 1 young (2048K), 1 survivors (2048K)
 Metaspace       used 12562K, committed 12800K, reserved 1064960K
  class space    used 1406K, committed 1536K, reserved 1048576K
}
Event: 24.215 GC heap before
{Heap before GC invocations=35 (full 0):
 garbage-first heap   total 669696K, used 404411K [0x0000000703800000, 0x0000000800000000)
  region size 2048K, 196 young (401408K), 1 survivors (2048K)
 Metaspace       used 12565K, committed 12800K, reserved 1064960K
  class space    used 1406K, committed 1536K, reserved 1048576K
}
Event: 24.216 GC heap after
{Heap after GC invocations=36 (full 0):
 garbage-first heap   total 669696K, used 6549K [0x0000000703800000, 0x0000000800000000)
  region size 2048K, 1 young (2048K), 1 survivors (2048K)
 Metaspace       used 12565K, committed 12800K, reserved 1064960K
  class space    used 1406K, committed 1536K, reserved 1048576K
}
Event: 24.254 GC heap before
{Heap before GC invocations=36 (full 0):
 garbage-first heap   total 669696K, used 403861K [0x0000000703800000, 0x0000000800000000)
  region size 2048K, 196 young (401408K), 1 survivors (2048K)
 Metaspace       used 12565K, committed 12800K, reserved 1064960K
  class space    used 1406K, committed 1536K, reserved 1048576K
}
Event: 24.254 GC heap after
{Heap after GC invocations=37 (full 0):
 garbage-first heap   total 669696K, used 6609K [0x0000000703800000, 0x0000000800000000)
  region size 2048K, 1 young (2048K), 1 survivors (2048K)
 Metaspace       used 12565K, committed 12800K, reserved 1064960K
  class space    used 1406K, committed 1536K, reserved 1048576K
}
Event: 24.284 GC heap before
{Heap before GC invocations=37 (full 0):
 garbage-first heap   total 669696K, used 403921K [0x0000000703800000, 0x0000000800000000)
  region size 2048K, 196 young (401408K), 1 survivors (2048K)
 Metaspace       used 12565K, committed 12800K, reserved 1064960K
  class space    used 1406K, committed 1536K, reserved 1048576K
}
Event: 24.285 GC heap after
{Heap after GC invocations=38 (full 0):
 garbage-first heap   total 669696K, used 6566K [0x0000000703800000, 0x0000000800000000)
  region size 2048K, 1 young (2048K), 1 survivors (2048K)
 Metaspace       used 12565K, committed 12800K, reserved 1064960K
  class space    used 1406K, committed 1536K, reserved 1048576K
}
Event: 24.314 GC heap before
{Heap before GC invocations=38 (full 0):
 garbage-first heap   total 669696K, used 403878K [0x0000000703800000, 0x0000000800000000)
  region size 2048K, 196 young (401408K), 1 survivors (2048K)
 Metaspace       used 12565K, committed 12800K, reserved 1064960K
  class space    used 1406K, committed 1536K, reserved 1048576K
}
Event: 24.315 GC heap after
{Heap after GC invocations=39 (full 0):
 garbage-first heap   total 669696K, used 6771K [0x0000000703800000, 0x0000000800000000)
  region size 2048K, 1 young (2048K), 1 survivors (2048K)
 Metaspace       used 12565K, committed 12800K, reserved 1064960K
  class space    used 1406K, committed 1536K, reserved 1048576K
}
Event: 24.344 GC heap before
{Heap before GC invocations=39 (full 0):
 garbage-first heap   total 669696K, used 404083K [0x0000000703800000, 0x0000000800000000)
  region size 2048K, 196 young (401408K), 1 survivors (2048K)
 Metaspace       used 12565K, committed 12800K, reserved 1064960K
  class space    used 1406K, committed 1536K, reserved 1048576K
}
Event: 24.345 GC heap after
{Heap after GC invocations=40 (full 0):
 garbage-first heap   total 669696K, used 6875K [0x0000000703800000, 0x0000000800000000)
  region size 2048K, 1 young (2048K), 1 survivors (2048K)
 Metaspace       used 12565K, committed 12800K, reserved 1064960K
  class space    used 1406K, committed 1536K, reserved 1048576K
}
Event: 24.386 GC heap before
{Heap before GC invocations=40 (full 0):
 garbage-first heap   total 669696K, used 404187K [0x0000000703800000, 0x0000000800000000)
  region size 2048K, 196 young (401408K), 1 survivors (2048K)
 Metaspace       used 12565K, committed 12800K, reserved 1064960K
  class space    used 1406K, committed 1536K, reserved 1048576K
}
Event: 24.387 GC heap after
{Heap after GC invocations=41 (full 0):
 garbage-first heap   total 669696K, used 7343K [0x0000000703800000, 0x0000000800000000)
  region size 2048K, 1 young (2048K), 1 survivors (2048K)
 Metaspace       used 12565K, committed 12800K, reserved 1064960K
  class space    used 1406K, committed 1536K, reserved 1048576K
}
Event: 24.429 GC heap before
{Heap before GC invocations=41 (full 0):
 garbage-first heap   total 669696K, used 404655K [0x0000000703800000, 0x0000000800000000)
  region size 2048K, 196 young (401408K), 1 survivors (2048K)
 Metaspace       used 12565K, committed 12800K, reserved 1064960K
  class space    used 1406K, committed 1536K, reserved 1048576K
}
Event: 24.430 GC heap after
{Heap after GC invocations=42 (full 0):
 garbage-first heap   total 669696K, used 6735K [0x0000000703800000, 0x0000000800000000)
  region size 2048K, 1 young (2048K), 1 survivors (2048K)
 Metaspace       used 12565K, committed 12800K, reserved 1064960K
  class space    used 1406K, committed 1536K, reserved 1048576K
}
Event: 24.460 GC heap before
{Heap before GC invocations=42 (full 0):
 garbage-first heap   total 669696K, used 404047K [0x0000000703800000, 0x0000000800000000)
  region size 2048K, 196 young (401408K), 1 survivors (2048K)
 Metaspace       used 12565K, committed 12800K, reserved 1064960K
  class space    used 1406K, committed 1536K, reserved 1048576K
}
Event: 24.461 GC heap after
{Heap after GC invocations=43 (full 0):
 garbage-first heap   total 669696K, used 6648K [0x0000000703800000, 0x0000000800000000)
  region size 2048K, 1 young (2048K), 1 survivors (2048K)
 Metaspace       used 12565K, committed 12800K, reserved 1064960K
  class space    used 1406K, committed 1536K, reserved 1048576K
}
Event: 24.489 GC heap before
{Heap before GC invocations=43 (full 0):
 garbage-first heap   total 669696K, used 403960K [0x0000000703800000, 0x0000000800000000)
  region size 2048K, 196 young (401408K), 1 survivors (2048K)
 Metaspace       used 12565K, committed 12800K, reserved 1064960K
  class space    used 1406K, committed 1536K, reserved 1048576K
}
Event: 24.490 GC heap after
{Heap after GC invocations=44 (full 0):
 garbage-first heap   total 669696K, used 6754K [0x0000000703800000, 0x0000000800000000)
  region size 2048K, 1 young (2048K), 1 survivors (2048K)
 Metaspace       used 12565K, committed 12800K, reserved 1064960K
  class space    used 1406K, committed 1536K, reserved 1048576K
}
Event: 24.519 GC heap before
{Heap before GC invocations=44 (full 0):
 garbage-first heap   total 669696K, used 404066K [0x0000000703800000, 0x0000000800000000)
  region size 2048K, 196 young (401408K), 1 survivors (2048K)
 Metaspace       used 12565K, committed 12800K, reserved 1064960K
  class space    used 1406K, committed 1536K, reserved 1048576K
}

Deoptimization events (20 events):
Event: 23.998 Thread 0x000001980c4c3eb0 DEOPT PACKING pc=0x000001986cec2480 sp=0x0000002e120fedf0
Event: 23.998 Thread 0x000001980c4c3eb0 DEOPT UNPACKING pc=0x000001986c3b2b43 sp=0x0000002e120fe558 mode 0
Event: 24.014 Thread 0x000001980c4c3eb0 DEOPT PACKING pc=0x000001986cec2480 sp=0x0000002e120fedf0
Event: 24.014 Thread 0x000001980c4c3eb0 DEOPT UNPACKING pc=0x000001986c3b2b43 sp=0x0000002e120fe558 mode 0
Event: 24.016 Thread 0x000001980c4c3eb0 DEOPT PACKING pc=0x000001986cec2480 sp=0x0000002e120fedf0
Event: 24.016 Thread 0x000001980c4c3eb0 DEOPT UNPACKING pc=0x000001986c3b2b43 sp=0x0000002e120fe558 mode 0
Event: 24.019 Thread 0x000001980c4c3eb0 DEOPT PACKING pc=0x000001986cec2480 sp=0x0000002e120fedf0
Event: 24.019 Thread 0x000001980c4c3eb0 DEOPT UNPACKING pc=0x000001986c3b2b43 sp=0x0000002e120fe558 mode 0
Event: 24.021 Thread 0x000001980c4c3eb0 DEOPT PACKING pc=0x000001986cec2480 sp=0x0000002e120fedf0
Event: 24.021 Thread 0x000001980c4c3eb0 DEOPT UNPACKING pc=0x000001986c3b2b43 sp=0x0000002e120fe558 mode 0
Event: 24.023 Thread 0x000001980c4c3eb0 DEOPT PACKING pc=0x000001986cec2480 sp=0x0000002e120fedf0
Event: 24.023 Thread 0x000001980c4c3eb0 DEOPT UNPACKING pc=0x000001986c3b2b43 sp=0x0000002e120fe558 mode 0
Event: 24.074 Thread 0x0000019808bfd660 DEOPT PACKING pc=0x000001986cc93933 sp=0x0000002e109fd030
Event: 24.074 Thread 0x0000019808bfd660 DEOPT UNPACKING pc=0x000001986c3b2b43 sp=0x0000002e109fc4d8 mode 0
Event: 24.187 Thread 0x000001980c4c3eb0 Uncommon trap: trap_request=0xffffff45 fr.pc=0x000001987400d794 relative=0x0000000000008654
Event: 24.187 Thread 0x000001980c4c3eb0 Uncommon trap: reason=unstable_if action=reinterpret pc=0x000001987400d794 method=subtitles.Subtitle.decodeTextSTL()V @ 1845 c2
Event: 24.187 Thread 0x000001980c4c3eb0 DEOPT PACKING pc=0x000001987400d794 sp=0x0000002e120ff0b0
Event: 24.187 Thread 0x000001980c4c3eb0 DEOPT UNPACKING pc=0x000001986c3b23a3 sp=0x0000002e120ff060 mode 2
Event: 24.253 Thread 0x000001980c4c3eb0 DEOPT PACKING pc=0x000001986ce75818 sp=0x0000002e120fec80
Event: 24.253 Thread 0x000001980c4c3eb0 DEOPT UNPACKING pc=0x000001986c3b2b43 sp=0x0000002e120fe218 mode 0

Classes unloaded (0 events):
No events

Classes redefined (0 events):
No events

Internal exceptions (18 events):
Event: 0.099 Thread 0x0000019864b50df0 Exception <a 'java/lang/ClassNotFoundException'{0x00000007135d16a8}: sun/awt/resources/spi/awtProvider> (0x00000007135d16a8) 
thrown [t:\workspace\open\src\hotspot\share\classfile\systemDictionary.cpp, line 256]
Event: 0.121 Thread 0x0000019864b50df0 Exception <a 'java/io/FileNotFoundException'{0x000000071321ad50}> (0x000000071321ad50) 
thrown [t:\workspace\open\src\hotspot\share\prims\jni.cpp, line 516]
Event: 0.125 Thread 0x0000019864b50df0 Exception <a 'java/io/FileNotFoundException'{0x0000000713247cd0}> (0x0000000713247cd0) 
thrown [t:\workspace\open\src\hotspot\share\prims\jni.cpp, line 516]
Event: 0.167 Thread 0x0000019864b50df0 Exception <a 'java/lang/NoSuchMethodError'{0x000000071327a4b0}: 'java.lang.Object java.lang.invoke.DirectMethodHandle$Holder.invokeStaticInit(java.lang.Object)'> (0x000000071327a4b0) 
thrown [t:\workspace\open\src\hotspot\share\interpreter\linkResolver.cpp, line 766]
Event: 0.195 Thread 0x0000019864b50df0 Exception <a 'java/lang/NoSuchMethodError'{0x00000007132a9d58}: 'void java.lang.invoke.DirectMethodHandle$Holder.invokeSpecial(java.lang.Object, java.lang.Object, java.lang.Object)'> (0x00000007132a9d58) 
thrown [t:\workspace\open\src\hotspot\share\interpreter\linkResolver.cpp, line 766]
Event: 0.208 Thread 0x0000019864b50df0 Exception <a 'java/lang/NoSuchMethodError'{0x00000007132bcdb8}: 'void java.lang.invoke.DirectMethodHandle$Holder.invokeStaticInit(java.lang.Object)'> (0x00000007132bcdb8) 
thrown [t:\workspace\open\src\hotspot\share\interpreter\linkResolver.cpp, line 766]
Event: 0.214 Thread 0x0000019864b50df0 Exception <a 'java/lang/NoSuchMethodError'{0x00000007132e0fd0}: 'java.lang.Object java.lang.invoke.DirectMethodHandle$Holder.newInvokeSpecial(java.lang.Object, java.lang.Object, java.lang.Object, java.lang.Object, java.lang.Object)'> (0x00000007132e0fd0) 
thrown [t:\workspace\open\src\hotspot\share\interpreter\linkResolver.cpp, line 766]
Event: 0.215 Thread 0x0000019864b50df0 Exception <a 'java/lang/NoSuchMethodError'{0x000000071335d388}: 'java.lang.Object java.lang.invoke.DirectMethodHandle$Holder.invokeStatic(java.lang.Object, int, java.lang.Object, java.lang.Object, java.lang.Object, java.lang.Object)'> (0x000000071335d388) 
thrown [t:\workspace\open\src\hotspot\share\interpreter\linkResolver.cpp, line 766]
Event: 0.217 Thread 0x0000019864b50df0 Exception <a 'java/lang/NoSuchMethodError'{0x0000000713382990}: 'java.lang.Object java.lang.invoke.DirectMethodHandle$Holder.invokeStatic(java.lang.Object, int, java.lang.Object)'> (0x0000000713382990) 
thrown [t:\workspace\open\src\hotspot\share\interpreter\linkResolver.cpp, line 766]
Event: 0.234 Thread 0x0000019864b50df0 Exception <a 'java/lang/ClassNotFoundException'{0x00000007130057d0}: com/sun/java/swing/plaf/windows/resources/spi/windowsProvider> (0x00000007130057d0) 
thrown [t:\workspace\open\src\hotspot\share\classfile\systemDictionary.cpp, line 256]
Event: 0.235 Thread 0x0000019864b50df0 Exception <a 'java/lang/ClassNotFoundException'{0x00000007130096f8}: com/sun/swing/internal/plaf/basic/resources/spi/basicProvider> (0x00000007130096f8) 
thrown [t:\workspace\open\src\hotspot\share\classfile\systemDictionary.cpp, line 256]
Event: 0.362 Thread 0x0000019808ab0880 Exception <a 'java/lang/NoSuchMethodError'{0x00000007132f1a48}: 'void java.lang.invoke.DirectMethodHandle$Holder.invokeVirtual(java.lang.Object, java.lang.Object)'> (0x00000007132f1a48) 
thrown [t:\workspace\open\src\hotspot\share\interpreter\linkResolver.cpp, line 766]
Event: 2.686 Thread 0x0000019808bfd660 Exception <a 'java/lang/NoSuchMethodError'{0x00000007131ac4d8}: 'void java.lang.invoke.DirectMethodHandle$Holder.invokeStatic(java.lang.Object, java.lang.Object, java.lang.Object)'> (0x00000007131ac4d8) 
thrown [t:\workspace\open\src\hotspot\share\interpreter\linkResolver.cpp, line 766]
Event: 2.687 Thread 0x0000019808bfd660 Exception <a 'java/lang/NoSuchMethodError'{0x00000007131b2a10}: 'void java.lang.invoke.DirectMethodHandle$Holder.invokeStatic(java.lang.Object, java.lang.Object)'> (0x00000007131b2a10) 
thrown [t:\workspace\open\src\hotspot\share\interpreter\linkResolver.cpp, line 766]
Event: 2.701 Thread 0x0000019809e2b9f0 Exception <a 'java/lang/NoSuchMethodError'{0x0000000712eef0d0}: 'java.lang.Object java.lang.invoke.DirectMethodHandle$Holder.newInvokeSpecial(java.lang.Object, java.lang.Object, java.lang.Object, int, int, int, int, int)'> (0x0000000712eef0d0) 
thrown [t:\workspace\open\src\hotspot\share\interpreter\linkResolver.cpp, line 766]
Event: 2.878 Thread 0x000001980a0b6860 Exception <a 'java/lang/NoSuchMethodError'{0x0000000712f5c968}: 'java.lang.Object java.lang.invoke.DirectMethodHandle$Holder.newInvokeSpecial(java.lang.Object, java.lang.Object, int)'> (0x0000000712f5c968) 
thrown [t:\workspace\open\src\hotspot\share\interpreter\linkResolver.cpp, line 766]
Event: 3.469 Thread 0x0000019808bfd660 Exception <a 'java/lang/NoSuchMethodError'{0x0000000712a852e8}: 'int java.lang.invoke.DirectMethodHandle$Holder.invokeStatic(java.lang.Object)'> (0x0000000712a852e8) 
thrown [t:\workspace\open\src\hotspot\share\interpreter\linkResolver.cpp, line 766]
Event: 3.478 Thread 0x0000019808bfd660 Exception <a 'java/lang/NoSuchMethodError'{0x0000000712abfde8}: 'java.lang.Object java.lang.invoke.DirectMethodHandle$Holder.newInvokeSpecial(java.lang.Object, int, java.lang.Object)'> (0x0000000712abfde8) 
thrown [t:\workspace\open\src\hotspot\share\interpreter\linkResolver.cpp, line 766]

VM Operations (20 events):
Event: 24.143 Executing VM operation: G1CollectForAllocation done
Event: 24.215 Executing VM operation: G1CollectForAllocation
Event: 24.216 Executing VM operation: G1CollectForAllocation done
Event: 24.254 Executing VM operation: G1CollectForAllocation
Event: 24.254 Executing VM operation: G1CollectForAllocation done
Event: 24.284 Executing VM operation: G1CollectForAllocation
Event: 24.285 Executing VM operation: G1CollectForAllocation done
Event: 24.314 Executing VM operation: G1CollectForAllocation
Event: 24.315 Executing VM operation: G1CollectForAllocation done
Event: 24.344 Executing VM operation: G1CollectForAllocation
Event: 24.345 Executing VM operation: G1CollectForAllocation done
Event: 24.386 Executing VM operation: G1CollectForAllocation
Event: 24.387 Executing VM operation: G1CollectForAllocation done
Event: 24.429 Executing VM operation: G1CollectForAllocation
Event: 24.430 Executing VM operation: G1CollectForAllocation done
Event: 24.459 Executing VM operation: G1CollectForAllocation
Event: 24.461 Executing VM operation: G1CollectForAllocation done
Event: 24.489 Executing VM operation: G1CollectForAllocation
Event: 24.490 Executing VM operation: G1CollectForAllocation done
Event: 24.519 Executing VM operation: G1CollectForAllocation

Events (20 events):
Event: 22.545 loading class java/io/Reader done
Event: 22.545 loading class java/io/InputStreamReader
Event: 22.545 loading class java/io/InputStreamReader done
Event: 22.545 loading class java/io/FileReader
Event: 22.545 loading class java/io/FileReader done
Event: 22.550 loading class java/io/FileOutputStream$1
Event: 22.550 loading class java/io/FileOutputStream$1 done
Event: 22.554 loading class javax/swing/text/AbstractDocument$ElementEdit
Event: 22.554 loading class javax/swing/text/AbstractDocument$ElementEdit done
Event: 22.564 loading class sun/nio/cs/StreamDecoder
Event: 22.564 loading class sun/nio/cs/StreamDecoder done
Event: 22.564 loading class java/io/BufferedReader
Event: 22.565 loading class java/io/BufferedReader done
Event: 22.713 loading class java/util/regex/Pattern$BnM
Event: 22.714 loading class java/util/regex/Pattern$BnM done
Event: 22.724 loading class java/util/regex/Pattern$SliceS
Event: 22.724 loading class java/util/regex/Pattern$SliceS done
Event: 23.724 Thread 0x000001980c471640 Thread exited: 0x000001980c471640
Event: 24.307 Thread 0x000001980a348920 Thread exited: 0x000001980a348920
Event: 24.351 Thread 0x000001980a348920 Thread added: 0x000001980a348920


Dynamic libraries:
0x00007ff7122a0000 - 0x00007ff7122b0000 	C:\Program Files\Java\jdk-17\bin\java.exe
0x00007ffd01950000 - 0x00007ffd01b45000 	C:\WINDOWS\SYSTEM32\ntdll.dll
0x00007ffd01780000 - 0x00007ffd0183e000 	C:\WINDOWS\System32\KERNEL32.DLL
0x00007ffcff070000 - 0x00007ffcff339000 	C:\WINDOWS\System32\KERNELBASE.dll
0x00007ffcff500000 - 0x00007ffcff600000 	C:\WINDOWS\System32\ucrtbase.dll
0x00007ffcd35c0000 - 0x00007ffcd35d8000 	C:\Program Files\Java\jdk-17\bin\jli.dll
0x00007ffcffe80000 - 0x00007ffcfff2c000 	C:\WINDOWS\System32\ADVAPI32.dll
0x00007ffcd35a0000 - 0x00007ffcd35ba000 	C:\Program Files\Java\jdk-17\bin\VCRUNTIME140.dll
0x00007ffd001f0000 - 0x00007ffd0028e000 	C:\WINDOWS\System32\msvcrt.dll
0x00007ffd00070000 - 0x00007ffd0010b000 	C:\WINDOWS\System32\sechost.dll
0x00007ffd00290000 - 0x00007ffd003ba000 	C:\WINDOWS\System32\RPCRT4.dll
0x00007ffd003c0000 - 0x00007ffd00561000 	C:\WINDOWS\System32\USER32.dll
0x00007ffcff8e0000 - 0x00007ffcff902000 	C:\WINDOWS\System32\win32u.dll
0x00007ffd007a0000 - 0x00007ffd007cb000 	C:\WINDOWS\System32\GDI32.dll
0x00007ffcf2040000 - 0x00007ffcf22da000 	C:\WINDOWS\WinSxS\amd64_microsoft.windows.common-controls_6595b64144ccf1df_6.0.19041.1110_none_60b5254171f9507e\COMCTL32.dll
0x00007ffcff390000 - 0x00007ffcff49b000 	C:\WINDOWS\System32\gdi32full.dll
0x00007ffcff630000 - 0x00007ffcff6cd000 	C:\WINDOWS\System32\msvcp_win.dll
0x00007ffcfdda0000 - 0x00007ffcfddaa000 	C:\WINDOWS\SYSTEM32\VERSION.dll
0x00007ffd009f0000 - 0x00007ffd00a20000 	C:\WINDOWS\System32\IMM32.DLL
0x00007ffce8790000 - 0x00007ffce879c000 	C:\Program Files\Java\jdk-17\bin\vcruntime140_1.dll
0x00007ffcc54b0000 - 0x00007ffcc553d000 	C:\Program Files\Java\jdk-17\bin\msvcp140.dll
0x00007ffc71150000 - 0x00007ffc71d0e000 	C:\Program Files\Java\jdk-17\bin\server\jvm.dll
0x00007ffd00580000 - 0x00007ffd00588000 	C:\WINDOWS\System32\PSAPI.DLL
0x00007ffce21c0000 - 0x00007ffce21c9000 	C:\WINDOWS\SYSTEM32\WSOCK32.dll
0x00007ffce9160000 - 0x00007ffce9187000 	C:\WINDOWS\SYSTEM32\WINMM.dll
0x00007ffd007d0000 - 0x00007ffd0083b000 	C:\WINDOWS\System32\WS2_32.dll
0x00007ffcfd770000 - 0x00007ffcfd782000 	C:\WINDOWS\SYSTEM32\kernel.appcore.dll
0x00007ffcdaf70000 - 0x00007ffcdaf7a000 	C:\Program Files\Java\jdk-17\bin\jimage.dll
0x00007ffcfcbe0000 - 0x00007ffcfcdc4000 	C:\WINDOWS\SYSTEM32\DBGHELP.DLL
0x00007ffcef950000 - 0x00007ffcef97c000 	C:\WINDOWS\SYSTEM32\dbgcore.DLL
0x00007ffcff910000 - 0x00007ffcff993000 	C:\WINDOWS\System32\bcryptPrimitives.dll
0x00007ffccb550000 - 0x00007ffccb575000 	C:\Program Files\Java\jdk-17\bin\java.dll
0x00007ffc97f50000 - 0x00007ffc98026000 	C:\Program Files\Java\jdk-17\bin\svml.dll
0x00007ffd00a20000 - 0x00007ffd0115f000 	C:\WINDOWS\System32\SHELL32.dll
0x00007ffcfcdf0000 - 0x00007ffcfd580000 	C:\WINDOWS\SYSTEM32\windows.storage.dll
0x00007ffd011c0000 - 0x00007ffd01515000 	C:\WINDOWS\System32\combase.dll
0x00007ffcfe9e0000 - 0x00007ffcfea0c000 	C:\WINDOWS\SYSTEM32\Wldp.dll
0x00007ffd01520000 - 0x00007ffd015ce000 	C:\WINDOWS\System32\SHCORE.dll
0x00007ffd00840000 - 0x00007ffd00895000 	C:\WINDOWS\System32\shlwapi.dll
0x00007ffcfefb0000 - 0x00007ffcfefcf000 	C:\WINDOWS\SYSTEM32\profapi.dll
0x00007ffccf380000 - 0x00007ffccf399000 	C:\Program Files\Java\jdk-17\bin\net.dll
0x00007ffcf9830000 - 0x00007ffcf9938000 	C:\WINDOWS\SYSTEM32\WINHTTP.dll
0x00007ffcfe7c0000 - 0x00007ffcfe82a000 	C:\WINDOWS\system32\mswsock.dll
0x00007ffccb530000 - 0x00007ffccb545000 	C:\Program Files\Java\jdk-17\bin\nio.dll
0x00007ffc70fc0000 - 0x00007ffc7114f000 	C:\Program Files\Java\jdk-17\bin\awt.dll
0x00007ffd01840000 - 0x00007ffd0190d000 	C:\WINDOWS\System32\OLEAUT32.dll
0x00007ffcfc170000 - 0x00007ffcfc200000 	C:\WINDOWS\SYSTEM32\apphelp.dll
0x00007ffcfc260000 - 0x00007ffcfc2fe000 	C:\WINDOWS\system32\uxtheme.dll
0x00007ffd01660000 - 0x00007ffd01775000 	C:\WINDOWS\System32\MSCTF.dll
0x00007ffcbbc40000 - 0x00007ffcbbeeb000 	C:\Program Files\NVIDIA Corporation\nview\nViewH64.dll
0x00007ffcfff30000 - 0x00007ffd0005a000 	C:\WINDOWS\System32\ole32.dll
0x00007ffcfc560000 - 0x00007ffcfc58f000 	C:\WINDOWS\SYSTEM32\dwmapi.dll
0x00007ffcfdbe0000 - 0x00007ffcfdc13000 	C:\WINDOWS\SYSTEM32\ntmarta.dll
0x00007ffcc0ab0000 - 0x00007ffcc0b89000 	C:\Program Files\HP\HP ProtectTools Security Manager\Bin\DpoFeedb.dll
0x00007ffcfef30000 - 0x00007ffcfef5e000 	C:\WINDOWS\SYSTEM32\USERENV.dll
0x00007ffcc7bb0000 - 0x00007ffcc7cd5000 	C:\WINDOWS\system32\opengl32.dll
0x00007ffcc8110000 - 0x00007ffcc813c000 	C:\WINDOWS\SYSTEM32\GLU32.dll
0x00007ffc7c980000 - 0x00007ffc7ca09000 	C:\Program Files\Java\jdk-17\bin\freetype.dll
0x00007ffc70f10000 - 0x00007ffc70fb8000 	C:\Program Files\Java\jdk-17\bin\fontmanager.dll
0x00007ffd008c0000 - 0x00007ffd00969000 	C:\WINDOWS\System32\clbcatq.dll
0x00007ffcf3450000 - 0x00007ffcf3604000 	C:\WINDOWS\SYSTEM32\WindowsCodecs.dll
0x00007ffcff600000 - 0x00007ffcff627000 	C:\WINDOWS\System32\bcrypt.dll
0x00007ffcc91a0000 - 0x00007ffcc91de000 	C:\WINDOWS\system32\dataexchange.dll
0x00007ffcfae40000 - 0x00007ffcfb0a4000 	C:\WINDOWS\system32\d3d11.dll
0x00007ffcfb670000 - 0x00007ffcfb856000 	C:\WINDOWS\system32\dcomp.dll
0x00007ffcfd7e0000 - 0x00007ffcfd8d4000 	C:\WINDOWS\system32\dxgi.dll
0x00007ffcf6f60000 - 0x00007ffcf7161000 	C:\WINDOWS\system32\twinapi.appcore.dll
0x00007ffce7fd0000 - 0x00007ffce80c9000 	C:\WINDOWS\SYSTEM32\textinputframework.dll
0x00007ffcfb860000 - 0x00007ffcfbbbe000 	C:\WINDOWS\System32\CoreUIComponents.dll
0x00007ffcfbf40000 - 0x00007ffcfc032000 	C:\WINDOWS\System32\CoreMessaging.dll
0x00007ffcfa880000 - 0x00007ffcfa9d4000 	C:\WINDOWS\SYSTEM32\wintypes.dll
0x00007ffce1e40000 - 0x00007ffce1ef0000 	C:\WINDOWS\WinSxS\amd64_microsoft.windows.common-controls_6595b64144ccf1df_5.82.19041.1110_none_792d1c772443f647\comctl32.dll
0x00007ffcff340000 - 0x00007ffcff38e000 	C:\WINDOWS\System32\CFGMGR32.dll
0x00007ffcfa260000 - 0x00007ffcfa356000 	C:\WINDOWS\system32\propsys.dll
0x00007ffcc5260000 - 0x00007ffcc5277000 	C:\WINDOWS\system32\NetworkExplorer.dll
0x00007ffce2860000 - 0x00007ffce287d000 	C:\WINDOWS\SYSTEM32\MPR.dll
0x00007ffcdee20000 - 0x00007ffcdee3d000 	C:\WINDOWS\System32\p9np.dll
0x00007ffceb720000 - 0x00007ffceb72b000 	C:\WINDOWS\System32\drprov.dll
0x00007ffcfdc50000 - 0x00007ffcfdcaa000 	C:\WINDOWS\System32\WINSTA.dll
0x00007ffcdedf0000 - 0x00007ffcdee12000 	C:\WINDOWS\System32\ntlanman.dll
0x00007ffcdedd0000 - 0x00007ffcdedee000 	C:\WINDOWS\System32\davclnt.dll
0x00007ffcef8a0000 - 0x00007ffcef8ad000 	C:\WINDOWS\System32\DAVHLPR.dll
0x00007ffcfe210000 - 0x00007ffcfe227000 	C:\WINDOWS\System32\wkscli.dll
0x00007ffce1450000 - 0x00007ffce1462000 	C:\WINDOWS\SYSTEM32\cscapi.dll
0x00007ffcfe590000 - 0x00007ffcfe59c000 	C:\WINDOWS\System32\netutils.dll
0x00007ffcc8f10000 - 0x00007ffcc8f76000 	C:\Windows\System32\thumbcache.dll
0x00007ffcf9f30000 - 0x00007ffcf9fd0000 	C:\WINDOWS\SYSTEM32\policymanager.dll
0x00007ffcfe180000 - 0x00007ffcfe20a000 	C:\WINDOWS\SYSTEM32\msvcp110_win.dll
0x00007ffceaaf0000 - 0x00007ffceab48000 	C:\Windows\System32\dlnashext.dll
0x00007ffcd34b0000 - 0x00007ffcd3514000 	C:\Windows\System32\PlayToDevice.dll
0x00007ffce6040000 - 0x00007ffce6060000 	C:\Windows\System32\DevDispItemProvider.dll
0x00007ffcf6800000 - 0x00007ffcf6885000 	C:\WINDOWS\System32\MMDevApi.dll
0x00007ffcfee10000 - 0x00007ffcfee44000 	C:\WINDOWS\System32\DEVOBJ.dll
0x00007ffc70e60000 - 0x00007ffc70f03000 	C:\WINDOWS\system32\wpdshext.dll
0x00007ffce2d50000 - 0x00007ffce2ef9000 	C:\WINDOWS\WinSxS\amd64_microsoft.windows.gdiplus_6595b64144ccf1df_1.1.19041.1151_none_91a40286cc884949\gdiplus.dll
0x00007ffcf22e0000 - 0x00007ffcf2a77000 	C:\Windows\System32\OneCoreUAPCommonProxyStub.dll
0x00007ffcf6750000 - 0x00007ffcf67f3000 	C:\Windows\System32\PortableDeviceApi.dll
0x00007ffcff9a0000 - 0x00007ffcffe12000 	C:\WINDOWS\System32\SETUPAPI.dll
0x00007ffcff4a0000 - 0x00007ffcff500000 	C:\WINDOWS\System32\WINTRUST.dll
0x00007ffcff780000 - 0x00007ffcff8d6000 	C:\WINDOWS\System32\CRYPT32.dll
0x00007ffcfec50000 - 0x00007ffcfec62000 	C:\WINDOWS\System32\MSASN1.dll
0x00007ffcb6b90000 - 0x00007ffcb6bc7000 	C:\Windows\System32\EhStorShell.dll
0x00007ffcc1790000 - 0x00007ffcc17b6000 	C:\Windows\System32\EhStorAPI.dll
0x00007ffcfcdd0000 - 0x00007ffcfcde4000 	C:\Windows\System32\WTSAPI32.dll
0x00007ffcef9a0000 - 0x00007ffcef9ad000 	C:\WINDOWS\SYSTEM32\LINKINFO.dll
0x00007ffcfdf10000 - 0x00007ffcfdf1c000 	C:\WINDOWS\SYSTEM32\Secur32.dll
0x00007ffcfef60000 - 0x00007ffcfef91000 	C:\WINDOWS\SYSTEM32\SSPICLI.DLL
0x00007ffcf3f60000 - 0x00007ffcf3f79000 	C:\WINDOWS\SYSTEM32\samcli.dll
0x00007ffcf4300000 - 0x00007ffcf4327000 	C:\WINDOWS\SYSTEM32\SAMLIB.dll
0x00007ffce23b0000 - 0x00007ffce2412000 	C:\Windows\System32\Windows.FileExplorer.Common.dll
0x00007ffcec7f0000 - 0x00007ffcecaa0000 	C:\Windows\System32\iertutil.dll
0x00007ffccece0000 - 0x00007ffccf13f000 	C:\Program Files\HP\Sure Click\4.3.2.1329\servers\HostShellExtension.dll
0x00007ffcea2c0000 - 0x00007ffcea2d8000 	C:\WINDOWS\SYSTEM32\NETAPI32.dll
0x00007ffce35b0000 - 0x00007ffce35bb000 	C:\WINDOWS\SYSTEM32\FLTLIB.DLL
0x00007ffcfe950000 - 0x00007ffcfe95c000 	C:\WINDOWS\SYSTEM32\CRYPTBASE.DLL
0x00007ffcc4010000 - 0x00007ffcc4059000 	C:\WINDOWS\system32\zipfldr.dll
0x00007ffcc2820000 - 0x00007ffcc4004000 	C:\Program Files\Google\Drive File Stream\51.0.14.0\drivefsext.dll
0x00007ffce2880000 - 0x00007ffce2d50000 	C:\WINDOWS\SYSTEM32\WININET.dll
0x00007ffcfb0b0000 - 0x00007ffcfb670000 	C:\WINDOWS\SYSTEM32\d2d1.dll
0x000000006d1a0000 - 0x000000006d1c0000 	C:\Program Files\Common Files\TortoiseOverlays\TortoiseOverlays.dll
0x00007ffcc5240000 - 0x00007ffcc525d000 	C:\Program Files\TortoiseSVN\bin\TortoiseStub.dll
0x00007ffcc24b0000 - 0x00007ffcc281e000 	C:\Program Files\TortoiseSVN\bin\TortoiseSVN.dll
0x00007ffcc1dc0000 - 0x00007ffcc2450000 	C:\Program Files\TortoiseSVN\bin\libsvn_tsvn.dll
0x00007ffcc2450000 - 0x00007ffcc2486000 	C:\Program Files\TortoiseSVN\bin\libapr_tsvn.dll
0x00007ffcc2490000 - 0x00007ffcc24a3000 	C:\Program Files\TortoiseSVN\bin\intl3_tsvn.dll
0x00007ffcc1c80000 - 0x00007ffcc1c9b000 	C:\Program Files\TortoiseSVN\bin\libsasl.dll
0x00007ffcc1ca0000 - 0x00007ffcc1ce7000 	C:\Program Files\TortoiseSVN\bin\libaprutil_tsvn.dll
0x000001980d330000 - 0x000001980d386000 	C:\WINDOWS\System32\WLDAP32.dll

dbghelp: loaded successfully - version: 4.0.5 - missing functions: none
symbol engine: initialized successfully - sym options: 0x614 - pdb path: .;C:\Program Files\Java\jdk-17\bin;C:\WINDOWS\SYSTEM32;C:\WINDOWS\WinSxS\amd64_microsoft.windows.common-controls_6595b64144ccf1df_6.0.19041.1110_none_60b5254171f9507e;C:\Program Files\Java\jdk-17\bin\server;C:\Program Files\NVIDIA Corporation\nview;C:\Program Files\HP\HP ProtectTools Security Manager\Bin;C:\WINDOWS\WinSxS\amd64_microsoft.windows.common-controls_6595b64144ccf1df_5.82.19041.1110_none_792d1c772443f647;C:\WINDOWS\WinSxS\amd64_microsoft.windows.gdiplus_6595b64144ccf1df_1.1.19041.1151_none_91a40286cc884949;C:\Program Files\HP\Sure Click\4.3.2.1329\servers;C:\Program Files\Google\Drive File Stream\51.0.14.0;C:\Program Files\Common Files\TortoiseOverlays;C:\Program Files\TortoiseSVN\bin;C:\Users\eduardo\AppData\Local\Microsoft\OneDrive\21.180.0905.0007

VM Arguments:
java_command: SubtitleFilesConverter.jar
java_class_path (initial): SubtitleFilesConverter.jar
Launcher Type: SUN_STANDARD

[Global flags]
     intx CICompilerCount                          = 4                                         {product} {ergonomic}
     uint ConcGCThreads                            = 2                                         {product} {ergonomic}
     uint G1ConcRefinementThreads                  = 8                                         {product} {ergonomic}
   size_t G1HeapRegionSize                         = 2097152                                   {product} {ergonomic}
    uintx GCDrainStackTargetSize                   = 64                                        {product} {ergonomic}
   size_t InitialHeapSize                          = 266338304                                 {product} {ergonomic}
   size_t MarkStackSize                            = 4194304                                   {product} {ergonomic}
   size_t MaxHeapSize                              = 4236247040                                {product} {ergonomic}
   size_t MaxNewSize                               = 2541748224                                {product} {ergonomic}
   size_t MinHeapDeltaBytes                        = 2097152                                   {product} {ergonomic}
   size_t MinHeapSize                              = 8388608                                   {product} {ergonomic}
    uintx NonNMethodCodeHeapSize                   = 5839372                                {pd product} {ergonomic}
    uintx NonProfiledCodeHeapSize                  = 122909434                              {pd product} {ergonomic}
    uintx ProfiledCodeHeapSize                     = 122909434                              {pd product} {ergonomic}
    uintx ReservedCodeCacheSize                    = 251658240                              {pd product} {ergonomic}
     bool SegmentedCodeCache                       = true                                      {product} {ergonomic}
   size_t SoftMaxHeapSize                          = 4236247040                             {manageable} {ergonomic}
     bool UseCompressedClassPointers               = true                           {product lp64_product} {ergonomic}
     bool UseCompressedOops                        = true                           {product lp64_product} {ergonomic}
     bool UseG1GC                                  = true                                      {product} {ergonomic}
     bool UseLargePagesIndividualAllocation        = false                                  {pd product} {ergonomic}

Logging:
Log output configuration:
 #0: stdout all=warning uptime,level,tags
 #1: stderr all=off uptime,level,tags

Environment Variables:
PATH=C:\Program Files\Common Files\Oracle\Java\javapath;C:\Program Files (x86)\Common Files\Oracle\Java\javapath;C:\Program Files\Microsoft MPI\Bin\;C:\Program Files\NVIDIA GPU Computing Toolkit\CUDA\v11.1\bin;C:\Program Files\NVIDIA GPU Computing Toolkit\CUDA\v11.1\libnvvp;C:\Program Files\Python39\Scripts\;C:\Program Files\Python39\;C:\WINDOWS\system32;C:\WINDOWS;C:\WINDOWS\System32\Wbem;C:\WINDOWS\System32\WindowsPowerShell\v1.0\;C:\WINDOWS\System32\OpenSSH\;C:\PROGRA~1\MATLAB\R2020b\runtime\win64;C:\PROGRA~1\MATLAB\R2020b\bin;C:\Program Files\MATLAB\R2020b\runtime\win64;C:\Program Files\MATLAB\R2020b\bin;C:\Program Files\AutoFirma\AutoFirma;C:\Program Files\TortoiseSVN\bin;C:\Program Files (x86)\NVIDIA Corporation\PhysX\Common;C:\Program Files\NVIDIA Corporation\Nsight Compute 2020.2.1\;C:\Program Files\dotnet\;C:\Program Files (x86)\dotnet\;C:\Program Files\Elmer 9.0-Release\bin;C:\Program Files\NVIDIA GPU Computing Toolkit\CUDA\v11.1\bin\\..\extras\CUPTI\lib64;C:\Program Files\NVIDIA GPU Computing Toolkit\CUDA\v11.1\bin;C:\Program Files\NVIDIA GPU Computing Toolkit\CUDA\v11.1\libnvvp;C:\Program Files\Python39\Scripts\;C:\Program Files\Python39\;C:\WINDOWS\system32;C:\WINDOWS;C:\WINDOWS\System32\Wbem;C:\WINDOWS\System32\WindowsPowerShell\v1.0\;C:\WINDOWS\System32\OpenSSH\;C:\Program Files\MATLAB\R2020b\runtime\win64;C:\Program Files\MATLAB\R2020b\bin;C:\Program Files\AutoFirma\AutoFirma;C:\Program Files\TortoiseSVN\bin;C:\Program Files (x86)\NVIDIA Corporation\PhysX\Common;C:\Program Files\NVIDIA Corporation\Nsight Compute 2020.2.1\;C:\Users\eduardo\AppData\Local\Microsoft\WindowsApps;C:\Users\eduardo\AppData\Roaming\Python\Python39\Scripts;C:\Users\eduardo\AppData\Local\Programs\Microsoft VS Code\bin;C:\Users\eduardo\.dotnet\tools
USERNAME=eduardo
OS=Windows_NT
PROCESSOR_IDENTIFIER=Intel64 Family 6 Model 142 Stepping 12, GenuineIntel



---------------  S Y S T E M  ---------------

OS:
 Windows 10 , 64 bit Build 19041 (10.0.19041.1202)
OS uptime: 2 days 0:57 hours
Hyper-V role detected

CPU: total 8 (initial active 8) (4 cores per cpu, 2 threads per core) family 6 model 142 stepping 12 microcode 0xea, cx8, cmov, fxsr, ht, mmx, 3dnowpref, sse, sse2, sse3, ssse3, sse4.1, sse4.2, popcnt, lzcnt, tsc, tscinvbit, avx, avx2, aes, erms, clmul, bmi1, bmi2, adx, fma, vzeroupper, clflush, clflushopt, hv

Memory: 4k page, system-wide physical 16157M (3204M free)
TotalPageFile size 16157M (AvailPageFile size 44M)
current process WorkingSet (physical memory assigned to process): 765M, peak: 765M
current process commit charge ("private bytes"): 900M, peak: 1032M

vm_info: Java HotSpot(TM) 64-Bit Server VM (17+35-LTS-2724) for windows-amd64 JRE (17+35-LTS-2724), built on Aug  5 2021 23:28:28 by "mach5one" with MS VC++ 16.8 (VS2019)

END.
